Log file open, 05/09/17 15:07:27
LogInit:Display: Running engine for game: JrEngineerSim2017
LogPlatformFile: Not using cached read wrapper
LogInit:Display: RandInit(1031855755) SRandInit(1031855755).
LogTaskGraph: Started task graph with 5 named threads and 8 total threads with 1 sets of task threads.
LogStats: Stats thread started at 0.089328
LogInit: Using libcurl 7.47.1
LogInit:  - built for x86_64-pc-win32
LogInit:  - supports SSL with OpenSSL/1.0.2g
LogInit:  - supports HTTP deflate (compression) using libz 1.2.8
LogInit:  - other features:
LogInit:      CURL_VERSION_SSL
LogInit:      CURL_VERSION_LIBZ
LogInit:      CURL_VERSION_IPV6
LogInit:      CURL_VERSION_ASYNCHDNS
LogInit:      CURL_VERSION_LARGEFILE
LogInit:      CURL_VERSION_IDN
LogInit:  CurlRequestOptions (configurable via config and command line):
LogInit:  - bVerifyPeer = false  - Libcurl will NOT verify peer certificate
LogInit:  - bUseHttpProxy = false  - Libcurl will NOT use HTTP proxy
LogInit:  - bDontReuseConnections = false  - Libcurl will reuse connections
LogInit:  - CertBundlePath = nullptr  - Libcurl will use whatever was configured at build time.
LogInit: Build: ++UE4+Release-4.15-CL-3416026
LogInit: Engine Version: 4.15.2-3416026+++UE4+Release-4.15
LogInit: Compatible Engine Version: 4.15.0-3299760+++UE4+Release-4.15
LogInit: Net CL: 3299760
LogDevObjectVersion: Number of dev versions registered: 14
LogDevObjectVersion:   Dev-Blueprints (B0D832E4-1F89-4F0D-ACCF-7EB736FD4AA2): 8
LogDevObjectVersion:   Dev-Build (E1C64328-A22C-4D53-A36C-8E866417BD8C): 0
LogDevObjectVersion:   Dev-Core (375EC13C-06E4-48FB-B500-84F0262A717E): 2
LogDevObjectVersion:   Dev-Editor (E4B068ED-F494-42E9-A231-DA0B2E46BB41): 14
LogDevObjectVersion:   Dev-Framework (CFFC743F-43B0-4480-9391-14DF171D2073): 22
LogDevObjectVersion:   Dev-Mobile (B02B49B5-BB20-44E9-A304-32B752E40360): 0
LogDevObjectVersion:   Dev-Networking (A4E4105C-59A1-49B5-A7C5-40C4547EDFEE): 0
LogDevObjectVersion:   Dev-Online (39C831C9-5AE6-47DC-9A44-9C173E1C8E7C): 0
LogDevObjectVersion:   Dev-Physics (78F01B33-EBEA-4F98-B9B4-84EACCB95AA2): 0
LogDevObjectVersion:   Dev-Platform (6631380F-2D4D-43E0-8009-CF276956A95A): 0
LogDevObjectVersion:   Dev-Rendering (12F88B9F-8875-4AFC-A67C-D90C383ABD29): 12
LogDevObjectVersion:   Dev-Sequencer (7B5AE74C-D270-4C10-A958-57980B212A5A): 3
LogDevObjectVersion:   Dev-VR (D7296918-1DD6-4BDD-9DE2-64A83CC13884): 0
LogDevObjectVersion:   Dev-LoadTimes (C2A15278-BFE7-4AFE-6C17-90FF531DF755): 1
LogInit: Compiled (64-bit): May  1 2017 13:11:28
LogInit: Compiled with Visual C++: 19.00.23026.00
LogInit: Build Configuration: Development
LogInit: Branch Name: ++UE4+Release-4.15
LogInit: Command line: -EpicPortal 
LogInit: Base directory: D:/Games/UnrealTournament/UE_4.15/Engine/Binaries/Win64/
LogInit: Installed Engine Build: 1
LogInit: Presizing for max 8388607 objects, including 0 objects not considered by GC, pre-allocating 0 bytes for permanent pool.
LogInit: Object subsystem initialized
[2017.05.09-20.07.28:589][  0]LogInit: Selected Device Profile: [Windows]
[2017.05.09-20.07.28:589][  0]LogInit: Applying CVar settings loaded from the selected device profile: [Windows]
[2017.05.09-20.07.28:601][  0]LogInit: Computer: NATHANIELBISHOP
[2017.05.09-20.07.28:601][  0]LogInit: User: ntayl000
[2017.05.09-20.07.28:601][  0]LogInit: CPU Page size=65536, Cores=4
[2017.05.09-20.07.28:601][  0]LogInit: High frequency timer resolution =2.537592 MHz
[2017.05.09-20.07.28:602][  0]LogMemory: Memory total: Physical=15.9GB (16GB approx)
[2017.05.09-20.07.28:602][  0]LogMemory: Platform Memory Stats for Windows
[2017.05.09-20.07.28:602][  0]LogMemory: Process Physical Memory: 264.20 MB used, 264.20 MB peak
[2017.05.09-20.07.28:602][  0]LogMemory: Process Virtual Memory: 263.02 MB used, 263.02 MB peak
[2017.05.09-20.07.28:602][  0]LogMemory: Physical Memory: 9850.79 MB used,  6418.66 MB free, 16269.45 MB total
[2017.05.09-20.07.28:602][  0]LogMemory: Virtual Memory: 645.24 MB used,  6418.66 MB free, 134217728.00 MB total
[2017.05.09-20.07.28:684][  0]LogTextLocalizationManager: No specific translations for ('en-US') exist, so ('en') translations will be used.
[2017.05.09-20.07.29:304][  0]LogD3D11RHI: D3D11 adapters:
[2017.05.09-20.07.29:908][  0]LogD3D11RHI:    0. 'NVIDIA GeForce GTX 980M' (Feature Level 11_0)
[2017.05.09-20.07.29:908][  0]LogD3D11RHI:       4063/0/8134 MB DedicatedVideo/DedicatedSystem/SharedSystem, Outputs:1, VendorId:0x10de
[2017.05.09-20.07.29:913][  0]LogD3D11RHI:    1. 'Intel(R) HD Graphics 4600' (Feature Level 11_0)
[2017.05.09-20.07.29:913][  0]LogD3D11RHI:       112/0/2048 MB DedicatedVideo/DedicatedSystem/SharedSystem, Outputs:0, VendorId:0x8086
[2017.05.09-20.07.29:915][  0]LogD3D11RHI:    2. 'Microsoft Basic Render Driver' (Feature Level 11_0)
[2017.05.09-20.07.29:915][  0]LogD3D11RHI:       0/0/8134 MB DedicatedVideo/DedicatedSystem/SharedSystem, Outputs:0, VendorId:0x1414
[2017.05.09-20.07.29:915][  0]LogD3D11RHI: Chosen D3D11 Adapter: 0
[2017.05.09-20.07.29:924][  0]LogD3D11RHI: Creating new Direct3DDevice
[2017.05.09-20.07.29:924][  0]LogD3D11RHI:     GPU DeviceId: 0x13d7 (for the marketing name, search the web for "GPU Device Id")
[2017.05.09-20.07.29:924][  0]LogWindows: EnumDisplayDevices:
[2017.05.09-20.07.29:924][  0]LogWindows:    0. 'Intel(R) HD Graphics 4600' (P:1 D:1)
[2017.05.09-20.07.29:925][  0]LogWindows:    1. 'Intel(R) HD Graphics 4600' (P:0 D:0)
[2017.05.09-20.07.29:925][  0]LogWindows:    2. 'Intel(R) HD Graphics 4600' (P:0 D:0)
[2017.05.09-20.07.29:925][  0]LogWindows: DebugString: PrimaryIsNotTheChoosenAdapter PrimaryIsNotTheChoosenAdapter PrimaryIsNotTheChoosenAdapter FoundDriverCount:0 
[2017.05.09-20.07.29:925][  0]LogD3D11RHI:     Adapter Name: NVIDIA GeForce GTX 980M
[2017.05.09-20.07.29:925][  0]LogD3D11RHI:   Driver Version: Unknown (internal:Unknown, unified:Unknown)
[2017.05.09-20.07.29:925][  0]LogD3D11RHI:      Driver Date: Unknown
[2017.05.09-20.07.29:925][  0]LogRHI: Texture pool is 1361 MB (70% of 1945 MB)
[2017.05.09-20.07.30:509][  0]LogD3D11RHI: [Aftermath] Aftermath enabled but failed to initialize due to reason: DriverVersionNotSupported
[2017.05.09-20.07.30:509][  0]LogD3D11RHI: Async texture creation enabled
[2017.05.09-20.07.30:540][  0]LogD3D11RHI: GPU Timing Frequency: 1000.000000 (Debug: 2 1)
[2017.05.09-20.07.30:541][  0]LogShaderCompilers: Guid format shader working directory is -1 characters bigger than the processId version (C:/ue4projects/ProgrammingGameJam/JrEngineerSim2017/Intermediate/Shaders/WorkingDirectory/9520/).
[2017.05.09-20.07.30:541][  0]LogShaderCompilers: Cleaned the shader compiler working directory 'C:/Users/ntayl_000/AppData/Local/Temp/UnrealShaderWorkingDir/6D48C7D64324DCEE69EDB7BF58DEA52D/'.
[2017.05.09-20.07.30:541][  0]LogShaderCompilers:Display: Using Local Shader Compiler.
[2017.05.09-20.07.31:948][  0]LogTemp:Display: Loaded TP AllDesktopTargetPlatform
[2017.05.09-20.07.32:017][  0]LogTemp:Display: Loaded TP MacClientTargetPlatform
[2017.05.09-20.07.32:073][  0]LogTemp:Display: Loaded TP MacNoEditorTargetPlatform
[2017.05.09-20.07.32:131][  0]LogTemp:Display: Loaded TP MacServerTargetPlatform
[2017.05.09-20.07.32:180][  0]LogTemp:Display: Loaded TP MacTargetPlatform
[2017.05.09-20.07.32:235][  0]LogTemp:Display: Loaded TP WindowsClientTargetPlatform
[2017.05.09-20.07.32:283][  0]LogTemp:Display: Loaded TP WindowsNoEditorTargetPlatform
[2017.05.09-20.07.32:335][  0]LogTemp:Display: Loaded TP WindowsServerTargetPlatform
[2017.05.09-20.07.32:372][  0]LogTemp:Display: Loaded TP WindowsTargetPlatform
[2017.05.09-20.07.32:415][  0]LogTemp:Display: Loaded TP AndroidTargetPlatform
[2017.05.09-20.07.32:461][  0]LogTemp:Display: Loaded TP Android_ASTCTargetPlatform
[2017.05.09-20.07.32:507][  0]LogTemp:Display: Loaded TP Android_ATCTargetPlatform
[2017.05.09-20.07.32:561][  0]LogTemp:Display: Loaded TP Android_DXTTargetPlatform
[2017.05.09-20.07.32:605][  0]LogTemp:Display: Loaded TP Android_ETC1TargetPlatform
[2017.05.09-20.07.32:649][  0]LogTemp:Display: Loaded TP Android_ETC2TargetPlatform
[2017.05.09-20.07.32:790][  0]LogTemp:Display: Loaded TP Android_MultiTargetPlatform
[2017.05.09-20.07.32:802][  0]LogTemp:Display: Loaded TP Android_PVRTCTargetPlatform
[2017.05.09-20.07.32:841][  0]LogTemp:Display: Loaded TP HTML5TargetPlatform
[2017.05.09-20.07.32:943][  0]LogTemp:Display: Loaded TP IOSTargetPlatform
[2017.05.09-20.07.32:999][  0]LogTemp:Display: Loaded TP TVOSTargetPlatform
[2017.05.09-20.07.33:068][  0]LogTemp:Display: Loaded TP LinuxClientTargetPlatform
[2017.05.09-20.07.33:141][  0]LogTemp:Display: Loaded TP LinuxNoEditorTargetPlatform
[2017.05.09-20.07.33:202][  0]LogTemp:Display: Loaded TP LinuxServerTargetPlatform
[2017.05.09-20.07.33:266][  0]LogTemp:Display: Loaded TP LinuxTargetPlatform
[2017.05.09-20.07.33:266][  0]LogTargetPlatformManager:Display: Building Assets For Windows
[2017.05.09-20.07.33:771][  0]LogDerivedDataCache:Display: Max Cache Size: 512 MB
[2017.05.09-20.07.33:837][  0]LogDerivedDataCache: Loaded boot cache 0.07s 50MB C:/Users/ntayl_000/AppData/Local/UnrealEngine/4.15/DerivedDataCache/Boot.ddc.
[2017.05.09-20.07.33:837][  0]LogDerivedDataCache:Display: Loaded Boot cache: C:/Users/ntayl_000/AppData/Local/UnrealEngine/4.15/DerivedDataCache/Boot.ddc
[2017.05.09-20.07.33:838][  0]LogDerivedDataCache: FDerivedDataBackendGraph:  Pak pak cache file C:/ue4projects/ProgrammingGameJam/JrEngineerSim2017/DerivedDataCache/DDC.ddp not found, will not use a pak cache.
[2017.05.09-20.07.33:838][  0]LogDerivedDataCache: Unable to find inner node Pak for hierarchical cache Hierarchy.
[2017.05.09-20.07.33:838][  0]LogDerivedDataCache: FDerivedDataBackendGraph:  CompressedPak pak cache file C:/ue4projects/ProgrammingGameJam/JrEngineerSim2017/DerivedDataCache/Compressed.ddp not found, will not use a pak cache.
[2017.05.09-20.07.33:838][  0]LogDerivedDataCache: Unable to find inner node CompressedPak for hierarchical cache Hierarchy.
[2017.05.09-20.07.33:857][  0]LogDerivedDataCache:Display: Pak cache opened for reading ../../../Engine/DerivedDataCache/Compressed.ddp.
[2017.05.09-20.07.33:869][  0]LogDerivedDataCache: Using Local data cache path C:/Users/ntayl_000/AppData/Local/UnrealEngine/Common/DerivedDataCache: Writable
[2017.05.09-20.07.33:878][  0]LogSlate: Using Freetype 2.6.0
[2017.05.09-20.07.33:878][  0]LogSlate: SlateFontCache - WITH_FREETYPE: 1, WITH_HARFBUZZ: 1
[2017.05.09-20.07.33:878][  0]LogSlate: SlateFontCache - WITH_FREETYPE: 1, WITH_HARFBUZZ: 1
[2017.05.09-20.07.34:153][  0]LogInit: Selected Device Profile: [Windows]
[2017.05.09-20.07.34:158][  0]LogContentStreaming: Texture pool size is 0.00 MB
[2017.05.09-20.07.34:458][  0]LogMeshUtilities: Using QuadricMeshReduction for automatic static mesh reduction
[2017.05.09-20.07.34:498][  0]LogSimplygon: Simplygon DLL not present - disabling.
[2017.05.09-20.07.34:560][  0]LogMeshUtilities: Using SimplygonSwarm for distributed automatic mesh merging
[2017.05.09-20.07.34:560][  0]LogMeshUtilities: No automatic skeletal mesh reduction module available
[2017.05.09-20.07.34:560][  0]LogMeshUtilities: No automatic mesh merging module available
[2017.05.09-20.07.35:143][  0]LogNetVersion: GetLocalNetworkVersion: CL: 3299760, ProjectName: jrengineersim2017, ProjectVersion: , EngineNetworkVersion: 2, GameNetworkVersion: 0, NetworkChecksum: 508979630
[2017.05.09-20.07.35:186][  0]LogAssetRegistry: FAssetRegistry took 0.0221 seconds to start up
[2017.05.09-20.07.35:246][  0]LogPackageLocalizationCache: Processed 3 localized package path(s) for 2 prioritized culture(s) in 0.027890 seconds
[2017.05.09-20.07.35:251][  0]LogUObjectArray: 32493 objects as part of root set at end of initial load.
[2017.05.09-20.07.35:251][  0]LogUObjectAllocator: 7077024 out of 0 bytes used by permanent object pool.
[2017.05.09-20.07.35:251][  0]LogUObjectArray: CloseDisregardForGC: 0/0 objects in disregard for GC pool
[2017.05.09-20.07.35:310][  0]LogInit: WinSock: version 1.1 (2.2), MaxSocks=32767, MaxUdp=65467
[2017.05.09-20.07.36:942][  0]LogTcpMessaging: Initializing TcpMessaging bridge
[2017.05.09-20.07.37:004][  0]LogUdpMessaging: Initializing bridge on interface 0.0.0.0:0 to multicast group 230.0.0.1:6666.
[2017.05.09-20.07.37:419][  0]LogMaterial: Uniform references updated for custom material expression Custom.
[2017.05.09-20.07.37:775][  0]SourceControl: Info Source control is disabled
[2017.05.09-20.07.37:860][  0]SourceControl: Info Source control is disabled
[2017.05.09-20.07.37:913][  0]SourceControl: Info Source control is disabled
[2017.05.09-20.07.37:949][  0]SourceControl: Info Source control is disabled
[2017.05.09-20.07.39:189][  0]LogEngine: Initializing Engine...
[2017.05.09-20.07.39:475][  0]LogHMD: Failed to initialize OpenVR with code 108
[2017.05.09-20.07.39:628][  0]LogStats: UGameplayTagsManager::ConstructGameplayTagTree: Construct from data asset -  0.000 s
[2017.05.09-20.07.39:628][  0]LogStats: UGameplayTagsManager::ConstructGameplayTagTree: GameplayTagTreeChangedEvent.Broadcast -  0.000 s
[2017.05.09-20.07.39:761][  0]LogAIModule: Creating AISystem for world Untitled
[2017.05.09-20.07.39:771][  0]LogInit: XAudio2 using 'Speakers (Sound Blaster Recon3Di)' : 2 channels at 48 kHz using 32 bits per sample (channel mask 0x3)
[2017.05.09-20.07.39:782][  0]LogInit: FAudioDevice initialized.
[2017.05.09-20.07.39:813][  0]LogDerivedDataCache: Saved boot cache 0.03s 50MB C:/Users/ntayl_000/AppData/Local/UnrealEngine/4.15/DerivedDataCache/Boot.ddc.
[2017.05.09-20.07.39:821][  0]LogInit: Texture streaming: Enabled
[2017.05.09-20.07.39:939][  0]LogEngineSessionManager: EngineSessionManager initialized
[2017.05.09-20.07.40:099][  0]LogInit: Transaction tracking system initialized
[2017.05.09-20.07.40:574][  0]BlueprintLog: New page: Editor Load
[2017.05.09-20.07.41:622][  0]LocalizationService: Info Localization service is disabled
[2017.05.09-20.07.42:242][  0]LogConsoleResponse:Display: 
[2017.05.09-20.07.42:354][  0]LogCook:Display: Max memory allowance for cook 16384mb min free memory 0mb
[2017.05.09-20.07.42:354][  0]LogCook:Display: Mobile HDR setting 1
[2017.05.09-20.07.42:855][  0]LogFileCache: Scanning file cache for directory 'C:/ue4projects/ProgrammingGameJam/JrEngineerSim2017/Content/' took 0.01s
[2017.05.09-20.07.43:240][  0]SourceControl: Info Source control is disabled
[2017.05.09-20.07.43:241][  0]LogFactory: FactoryCreateFile: PackFactory with PackFactory (0 0 D:/Games/UnrealTournament/UE_4.15/FeaturePacks/StarterContent.upack)
[2017.05.09-20.07.43:248][  0]LogPackFactory: Finished extracting 8 files (including 0 errors).
[2017.05.09-20.07.43:253][  0]LogPackFactory: Copied "../../../Samples/StarterContent/Content/StarterContent/Architecture/Floor_400x400.uasset" to "C:/ue4projects/ProgrammingGameJam/JrEngineerSim2017/Content/StarterContent/Architecture/Floor_400x400.uasset"
[2017.05.09-20.07.43:256][  0]LogPackFactory: Copied "../../../Samples/StarterContent/Content/StarterContent/Architecture/Pillar_50x500.uasset" to "C:/ue4projects/ProgrammingGameJam/JrEngineerSim2017/Content/StarterContent/Architecture/Pillar_50x500.uasset"
[2017.05.09-20.07.43:264][  0]LogPackFactory: Copied "../../../Samples/StarterContent/Content/StarterContent/Architecture/SM_AssetPlatform.uasset" to "C:/ue4projects/ProgrammingGameJam/JrEngineerSim2017/Content/StarterContent/Architecture/SM_AssetPlatform.uasset"
[2017.05.09-20.07.43:269][  0]LogPackFactory: Copied "../../../Samples/StarterContent/Content/StarterContent/Architecture/Wall_400x200.uasset" to "C:/ue4projects/ProgrammingGameJam/JrEngineerSim2017/Content/StarterContent/Architecture/Wall_400x200.uasset"
[2017.05.09-20.07.43:273][  0]LogPackFactory: Copied "../../../Samples/StarterContent/Content/StarterContent/Architecture/Wall_400x300.uasset" to "C:/ue4projects/ProgrammingGameJam/JrEngineerSim2017/Content/StarterContent/Architecture/Wall_400x300.uasset"
[2017.05.09-20.07.43:276][  0]LogPackFactory: Copied "../../../Samples/StarterContent/Content/StarterContent/Architecture/Wall_400x400.uasset" to "C:/ue4projects/ProgrammingGameJam/JrEngineerSim2017/Content/StarterContent/Architecture/Wall_400x400.uasset"
[2017.05.09-20.07.43:279][  0]LogPackFactory: Copied "../../../Samples/StarterContent/Content/StarterContent/Architecture/Wall_500x500.uasset" to "C:/ue4projects/ProgrammingGameJam/JrEngineerSim2017/Content/StarterContent/Architecture/Wall_500x500.uasset"
[2017.05.09-20.07.43:284][  0]LogPackFactory: Copied "../../../Samples/StarterContent/Content/StarterContent/Architecture/Wall_Door_400x300.uasset" to "C:/ue4projects/ProgrammingGameJam/JrEngineerSim2017/Content/StarterContent/Architecture/Wall_Door_400x300.uasset"
[2017.05.09-20.07.43:288][  0]LogPackFactory: Copied "../../../Samples/StarterContent/Content/StarterContent/Architecture/Wall_Door_400x400.uasset" to "C:/ue4projects/ProgrammingGameJam/JrEngineerSim2017/Content/StarterContent/Architecture/Wall_Door_400x400.uasset"
[2017.05.09-20.07.43:292][  0]LogPackFactory: Copied "../../../Samples/StarterContent/Content/StarterContent/Architecture/Wall_Window_400x300.uasset" to "C:/ue4projects/ProgrammingGameJam/JrEngineerSim2017/Content/StarterContent/Architecture/Wall_Window_400x300.uasset"
[2017.05.09-20.07.43:295][  0]LogPackFactory: Copied "../../../Samples/StarterContent/Content/StarterContent/Architecture/Wall_Window_400x400.uasset" to "C:/ue4projects/ProgrammingGameJam/JrEngineerSim2017/Content/StarterContent/Architecture/Wall_Window_400x400.uasset"
[2017.05.09-20.07.43:300][  0]LogPackFactory: Copied "../../../Samples/StarterContent/Content/StarterContent/Audio/Collapse01.uasset" to "C:/ue4projects/ProgrammingGameJam/JrEngineerSim2017/Content/StarterContent/Audio/Collapse01.uasset"
[2017.05.09-20.07.43:304][  0]LogPackFactory: Copied "../../../Samples/StarterContent/Content/StarterContent/Audio/Collapse02.uasset" to "C:/ue4projects/ProgrammingGameJam/JrEngineerSim2017/Content/StarterContent/Audio/Collapse02.uasset"
[2017.05.09-20.07.43:305][  0]LogPackFactory: Copied "../../../Samples/StarterContent/Content/StarterContent/Audio/Collapse_Cue.uasset" to "C:/ue4projects/ProgrammingGameJam/JrEngineerSim2017/Content/StarterContent/Audio/Collapse_Cue.uasset"
[2017.05.09-20.07.43:309][  0]LogPackFactory: Copied "../../../Samples/StarterContent/Content/StarterContent/Audio/Explosion01.uasset" to "C:/ue4projects/ProgrammingGameJam/JrEngineerSim2017/Content/StarterContent/Audio/Explosion01.uasset"
[2017.05.09-20.07.43:312][  0]LogPackFactory: Copied "../../../Samples/StarterContent/Content/StarterContent/Audio/Explosion02.uasset" to "C:/ue4projects/ProgrammingGameJam/JrEngineerSim2017/Content/StarterContent/Audio/Explosion02.uasset"
[2017.05.09-20.07.43:313][  0]LogPackFactory: Copied "../../../Samples/StarterContent/Content/StarterContent/Audio/Explosion_Cue.uasset" to "C:/ue4projects/ProgrammingGameJam/JrEngineerSim2017/Content/StarterContent/Audio/Explosion_Cue.uasset"
[2017.05.09-20.07.43:318][  0]LogPackFactory: Copied "../../../Samples/StarterContent/Content/StarterContent/Audio/Fire01.uasset" to "C:/ue4projects/ProgrammingGameJam/JrEngineerSim2017/Content/StarterContent/Audio/Fire01.uasset"
[2017.05.09-20.07.43:319][  0]LogPackFactory: Copied "../../../Samples/StarterContent/Content/StarterContent/Audio/Fire01_Cue.uasset" to "C:/ue4projects/ProgrammingGameJam/JrEngineerSim2017/Content/StarterContent/Audio/Fire01_Cue.uasset"
[2017.05.09-20.07.43:323][  0]LogPackFactory: Copied "../../../Samples/StarterContent/Content/StarterContent/Audio/Fire_Sparks01.uasset" to "C:/ue4projects/ProgrammingGameJam/JrEngineerSim2017/Content/StarterContent/Audio/Fire_Sparks01.uasset"
[2017.05.09-20.07.43:327][  0]LogPackFactory: Copied "../../../Samples/StarterContent/Content/StarterContent/Audio/Fire_Sparks01_Cue.uasset" to "C:/ue4projects/ProgrammingGameJam/JrEngineerSim2017/Content/StarterContent/Audio/Fire_Sparks01_Cue.uasset"
[2017.05.09-20.07.43:330][  0]LogPackFactory: Copied "../../../Samples/StarterContent/Content/StarterContent/Audio/Light01.uasset" to "C:/ue4projects/ProgrammingGameJam/JrEngineerSim2017/Content/StarterContent/Audio/Light01.uasset"
[2017.05.09-20.07.43:332][  0]LogPackFactory: Copied "../../../Samples/StarterContent/Content/StarterContent/Audio/Light01_Cue.uasset" to "C:/ue4projects/ProgrammingGameJam/JrEngineerSim2017/Content/StarterContent/Audio/Light01_Cue.uasset"
[2017.05.09-20.07.43:337][  0]LogPackFactory: Copied "../../../Samples/StarterContent/Content/StarterContent/Audio/Light02.uasset" to "C:/ue4projects/ProgrammingGameJam/JrEngineerSim2017/Content/StarterContent/Audio/Light02.uasset"
[2017.05.09-20.07.43:338][  0]LogPackFactory: Copied "../../../Samples/StarterContent/Content/StarterContent/Audio/Light02_Cue.uasset" to "C:/ue4projects/ProgrammingGameJam/JrEngineerSim2017/Content/StarterContent/Audio/Light02_Cue.uasset"
[2017.05.09-20.07.43:342][  0]LogPackFactory: Copied "../../../Samples/StarterContent/Content/StarterContent/Audio/Smoke01.uasset" to "C:/ue4projects/ProgrammingGameJam/JrEngineerSim2017/Content/StarterContent/Audio/Smoke01.uasset"
[2017.05.09-20.07.43:343][  0]LogPackFactory: Copied "../../../Samples/StarterContent/Content/StarterContent/Audio/Smoke01_Cue.uasset" to "C:/ue4projects/ProgrammingGameJam/JrEngineerSim2017/Content/StarterContent/Audio/Smoke01_Cue.uasset"
[2017.05.09-20.07.43:346][  0]LogPackFactory: Copied "../../../Samples/StarterContent/Content/StarterContent/Audio/Starter_Background_Cue.uasset" to "C:/ue4projects/ProgrammingGameJam/JrEngineerSim2017/Content/StarterContent/Audio/Starter_Background_Cue.uasset"
[2017.05.09-20.07.43:352][  0]LogPackFactory: Copied "../../../Samples/StarterContent/Content/StarterContent/Audio/Starter_Birds01.uasset" to "C:/ue4projects/ProgrammingGameJam/JrEngineerSim2017/Content/StarterContent/Audio/Starter_Birds01.uasset"
[2017.05.09-20.07.43:361][  0]LogPackFactory: Copied "../../../Samples/StarterContent/Content/StarterContent/Audio/Starter_Music01.uasset" to "C:/ue4projects/ProgrammingGameJam/JrEngineerSim2017/Content/StarterContent/Audio/Starter_Music01.uasset"
[2017.05.09-20.07.43:362][  0]LogPackFactory: Copied "../../../Samples/StarterContent/Content/StarterContent/Audio/Starter_Music_Cue.uasset" to "C:/ue4projects/ProgrammingGameJam/JrEngineerSim2017/Content/StarterContent/Audio/Starter_Music_Cue.uasset"
[2017.05.09-20.07.43:368][  0]LogPackFactory: Copied "../../../Samples/StarterContent/Content/StarterContent/Audio/Starter_Wind05.uasset" to "C:/ue4projects/ProgrammingGameJam/JrEngineerSim2017/Content/StarterContent/Audio/Starter_Wind05.uasset"
[2017.05.09-20.07.43:374][  0]LogPackFactory: Copied "../../../Samples/StarterContent/Content/StarterContent/Audio/Starter_Wind06.uasset" to "C:/ue4projects/ProgrammingGameJam/JrEngineerSim2017/Content/StarterContent/Audio/Starter_Wind06.uasset"
[2017.05.09-20.07.43:378][  0]LogPackFactory: Copied "../../../Samples/StarterContent/Content/StarterContent/Audio/Steam01.uasset" to "C:/ue4projects/ProgrammingGameJam/JrEngineerSim2017/Content/StarterContent/Audio/Steam01.uasset"
[2017.05.09-20.07.43:379][  0]LogPackFactory: Copied "../../../Samples/StarterContent/Content/StarterContent/Audio/Steam01_Cue.uasset" to "C:/ue4projects/ProgrammingGameJam/JrEngineerSim2017/Content/StarterContent/Audio/Steam01_Cue.uasset"
[2017.05.09-20.07.43:383][  0]LogPackFactory: Copied "../../../Samples/StarterContent/Content/StarterContent/Blueprints/Blueprint_CeilingLight.uasset" to "C:/ue4projects/ProgrammingGameJam/JrEngineerSim2017/Content/StarterContent/Blueprints/Blueprint_CeilingLight.uasset"
[2017.05.09-20.07.43:387][  0]LogPackFactory: Copied "../../../Samples/StarterContent/Content/StarterContent/Blueprints/Blueprint_Effect_Explosion.uasset" to "C:/ue4projects/ProgrammingGameJam/JrEngineerSim2017/Content/StarterContent/Blueprints/Blueprint_Effect_Explosion.uasset"
[2017.05.09-20.07.43:391][  0]LogPackFactory: Copied "../../../Samples/StarterContent/Content/StarterContent/Blueprints/Blueprint_Effect_Fire.uasset" to "C:/ue4projects/ProgrammingGameJam/JrEngineerSim2017/Content/StarterContent/Blueprints/Blueprint_Effect_Fire.uasset"
[2017.05.09-20.07.43:395][  0]LogPackFactory: Copied "../../../Samples/StarterContent/Content/StarterContent/Blueprints/Blueprint_Effect_Smoke.uasset" to "C:/ue4projects/ProgrammingGameJam/JrEngineerSim2017/Content/StarterContent/Blueprints/Blueprint_Effect_Smoke.uasset"
[2017.05.09-20.07.43:399][  0]LogPackFactory: Copied "../../../Samples/StarterContent/Content/StarterContent/Blueprints/Blueprint_Effect_Sparks.uasset" to "C:/ue4projects/ProgrammingGameJam/JrEngineerSim2017/Content/StarterContent/Blueprints/Blueprint_Effect_Sparks.uasset"
[2017.05.09-20.07.43:405][  0]LogPackFactory: Copied "../../../Samples/StarterContent/Content/StarterContent/Blueprints/Blueprint_Effect_Steam.uasset" to "C:/ue4projects/ProgrammingGameJam/JrEngineerSim2017/Content/StarterContent/Blueprints/Blueprint_Effect_Steam.uasset"
[2017.05.09-20.07.43:415][  0]LogPackFactory: Copied "../../../Samples/StarterContent/Content/StarterContent/Blueprints/Blueprint_WallSconce.uasset" to "C:/ue4projects/ProgrammingGameJam/JrEngineerSim2017/Content/StarterContent/Blueprints/Blueprint_WallSconce.uasset"
[2017.05.09-20.07.43:422][  0]LogPackFactory: Copied "../../../Samples/StarterContent/Content/StarterContent/Blueprints/BP_LightStudio.uasset" to "C:/ue4projects/ProgrammingGameJam/JrEngineerSim2017/Content/StarterContent/Blueprints/BP_LightStudio.uasset"
[2017.05.09-20.07.43:425][  0]LogPackFactory: Copied "../../../Samples/StarterContent/Content/StarterContent/Blueprints/Assets/FogBrightnessLUT.uasset" to "C:/ue4projects/ProgrammingGameJam/JrEngineerSim2017/Content/StarterContent/Blueprints/Assets/FogBrightnessLUT.uasset"
[2017.05.09-20.07.43:429][  0]LogPackFactory: Copied "../../../Samples/StarterContent/Content/StarterContent/Blueprints/Assets/M_LightStage_Arrows.uasset" to "C:/ue4projects/ProgrammingGameJam/JrEngineerSim2017/Content/StarterContent/Blueprints/Assets/M_LightStage_Arrows.uasset"
[2017.05.09-20.07.43:434][  0]LogPackFactory: Copied "../../../Samples/StarterContent/Content/StarterContent/Blueprints/Assets/M_LightStage_Skybox_Black.uasset" to "C:/ue4projects/ProgrammingGameJam/JrEngineerSim2017/Content/StarterContent/Blueprints/Assets/M_LightStage_Skybox_Black.uasset"
[2017.05.09-20.07.43:437][  0]LogPackFactory: Copied "../../../Samples/StarterContent/Content/StarterContent/Blueprints/Assets/M_LightStage_Skybox_HDRI.uasset" to "C:/ue4projects/ProgrammingGameJam/JrEngineerSim2017/Content/StarterContent/Blueprints/Assets/M_LightStage_Skybox_HDRI.uasset"
[2017.05.09-20.07.43:441][  0]LogPackFactory: Copied "../../../Samples/StarterContent/Content/StarterContent/Blueprints/Assets/M_LightStage_Skybox_Master.uasset" to "C:/ue4projects/ProgrammingGameJam/JrEngineerSim2017/Content/StarterContent/Blueprints/Assets/M_LightStage_Skybox_Master.uasset"
[2017.05.09-20.07.43:444][  0]LogPackFactory: Copied "../../../Samples/StarterContent/Content/StarterContent/Blueprints/Assets/Skybox.uasset" to "C:/ue4projects/ProgrammingGameJam/JrEngineerSim2017/Content/StarterContent/Blueprints/Assets/Skybox.uasset"
[2017.05.09-20.07.43:449][  0]LogPackFactory: Copied "../../../Samples/StarterContent/Content/StarterContent/Blueprints/Assets/SM_Arrows.uasset" to "C:/ue4projects/ProgrammingGameJam/JrEngineerSim2017/Content/StarterContent/Blueprints/Assets/SM_Arrows.uasset"
[2017.05.09-20.07.43:452][  0]LogPackFactory: Copied "../../../Samples/StarterContent/Content/StarterContent/Blueprints/Assets/SunlightColorLUT.uasset" to "C:/ue4projects/ProgrammingGameJam/JrEngineerSim2017/Content/StarterContent/Blueprints/Assets/SunlightColorLUT.uasset"
[2017.05.09-20.07.43:501][  0]LogPackFactory: Copied "../../../Samples/StarterContent/Content/StarterContent/HDRI/HDRI_Epic_Courtyard_Daylight.uasset" to "C:/ue4projects/ProgrammingGameJam/JrEngineerSim2017/Content/StarterContent/HDRI/HDRI_Epic_Courtyard_Daylight.uasset"
[2017.05.09-20.07.43:504][  0]LogPackFactory: Copied "../../../Samples/StarterContent/Content/StarterContent/Maps/Advanced_Lighting.umap" to "C:/ue4projects/ProgrammingGameJam/JrEngineerSim2017/Content/StarterContent/Maps/Advanced_Lighting.umap"
[2017.05.09-20.07.43:509][  0]LogPackFactory: Copied "../../../Samples/StarterContent/Content/StarterContent/Maps/Advanced_Lighting_BuiltData.uasset" to "C:/ue4projects/ProgrammingGameJam/JrEngineerSim2017/Content/StarterContent/Maps/Advanced_Lighting_BuiltData.uasset"
[2017.05.09-20.07.43:513][  0]LogPackFactory: Copied "../../../Samples/StarterContent/Content/StarterContent/Maps/Minimal_Default.umap" to "C:/ue4projects/ProgrammingGameJam/JrEngineerSim2017/Content/StarterContent/Maps/Minimal_Default.umap"
[2017.05.09-20.07.43:519][  0]LogPackFactory: Copied "../../../Samples/StarterContent/Content/StarterContent/Maps/Minimal_Default_BuiltData.uasset" to "C:/ue4projects/ProgrammingGameJam/JrEngineerSim2017/Content/StarterContent/Maps/Minimal_Default_BuiltData.uasset"
[2017.05.09-20.07.43:526][  0]LogPackFactory: Copied "../../../Samples/StarterContent/Content/StarterContent/Maps/StarterMap.umap" to "C:/ue4projects/ProgrammingGameJam/JrEngineerSim2017/Content/StarterContent/Maps/StarterMap.umap"
[2017.05.09-20.07.43:538][  0]LogPackFactory: Copied "../../../Samples/StarterContent/Content/StarterContent/Maps/StarterMap_BuiltData.uasset" to "C:/ue4projects/ProgrammingGameJam/JrEngineerSim2017/Content/StarterContent/Maps/StarterMap_BuiltData.uasset"
[2017.05.09-20.07.43:542][  0]LogPackFactory: Copied "../../../Samples/StarterContent/Content/StarterContent/Materials/M_AssetPlatform.uasset" to "C:/ue4projects/ProgrammingGameJam/JrEngineerSim2017/Content/StarterContent/Materials/M_AssetPlatform.uasset"
[2017.05.09-20.07.43:545][  0]LogPackFactory: Copied "../../../Samples/StarterContent/Content/StarterContent/Materials/M_Basic_Floor.uasset" to "C:/ue4projects/ProgrammingGameJam/JrEngineerSim2017/Content/StarterContent/Materials/M_Basic_Floor.uasset"
[2017.05.09-20.07.43:550][  0]LogPackFactory: Copied "../../../Samples/StarterContent/Content/StarterContent/Materials/M_Basic_Wall.uasset" to "C:/ue4projects/ProgrammingGameJam/JrEngineerSim2017/Content/StarterContent/Materials/M_Basic_Wall.uasset"
[2017.05.09-20.07.43:554][  0]LogPackFactory: Copied "../../../Samples/StarterContent/Content/StarterContent/Materials/M_Brick_Clay_Beveled.uasset" to "C:/ue4projects/ProgrammingGameJam/JrEngineerSim2017/Content/StarterContent/Materials/M_Brick_Clay_Beveled.uasset"
[2017.05.09-20.07.43:557][  0]LogPackFactory: Copied "../../../Samples/StarterContent/Content/StarterContent/Materials/M_Brick_Clay_New.uasset" to "C:/ue4projects/ProgrammingGameJam/JrEngineerSim2017/Content/StarterContent/Materials/M_Brick_Clay_New.uasset"
[2017.05.09-20.07.43:561][  0]LogPackFactory: Copied "../../../Samples/StarterContent/Content/StarterContent/Materials/M_Brick_Clay_Old.uasset" to "C:/ue4projects/ProgrammingGameJam/JrEngineerSim2017/Content/StarterContent/Materials/M_Brick_Clay_Old.uasset"
[2017.05.09-20.07.43:564][  0]LogPackFactory: Copied "../../../Samples/StarterContent/Content/StarterContent/Materials/M_Brick_Cut_Stone.uasset" to "C:/ue4projects/ProgrammingGameJam/JrEngineerSim2017/Content/StarterContent/Materials/M_Brick_Cut_Stone.uasset"
[2017.05.09-20.07.43:569][  0]LogPackFactory: Copied "../../../Samples/StarterContent/Content/StarterContent/Materials/M_Brick_Hewn_Stone.uasset" to "C:/ue4projects/ProgrammingGameJam/JrEngineerSim2017/Content/StarterContent/Materials/M_Brick_Hewn_Stone.uasset"
[2017.05.09-20.07.43:572][  0]LogPackFactory: Copied "../../../Samples/StarterContent/Content/StarterContent/Materials/M_Ceramic_Tile_Checker.uasset" to "C:/ue4projects/ProgrammingGameJam/JrEngineerSim2017/Content/StarterContent/Materials/M_Ceramic_Tile_Checker.uasset"
[2017.05.09-20.07.43:576][  0]LogPackFactory: Copied "../../../Samples/StarterContent/Content/StarterContent/Materials/M_CobbleStone_Pebble.uasset" to "C:/ue4projects/ProgrammingGameJam/JrEngineerSim2017/Content/StarterContent/Materials/M_CobbleStone_Pebble.uasset"
[2017.05.09-20.07.43:579][  0]LogPackFactory: Copied "../../../Samples/StarterContent/Content/StarterContent/Materials/M_CobbleStone_Rough.uasset" to "C:/ue4projects/ProgrammingGameJam/JrEngineerSim2017/Content/StarterContent/Materials/M_CobbleStone_Rough.uasset"
[2017.05.09-20.07.43:583][  0]LogPackFactory: Copied "../../../Samples/StarterContent/Content/StarterContent/Materials/M_CobbleStone_Smooth.uasset" to "C:/ue4projects/ProgrammingGameJam/JrEngineerSim2017/Content/StarterContent/Materials/M_CobbleStone_Smooth.uasset"
[2017.05.09-20.07.43:587][  0]LogPackFactory: Copied "../../../Samples/StarterContent/Content/StarterContent/Materials/M_ColorGrid_LowSpec.uasset" to "C:/ue4projects/ProgrammingGameJam/JrEngineerSim2017/Content/StarterContent/Materials/M_ColorGrid_LowSpec.uasset"
[2017.05.09-20.07.43:591][  0]LogPackFactory: Copied "../../../Samples/StarterContent/Content/StarterContent/Materials/M_Concrete_Grime.uasset" to "C:/ue4projects/ProgrammingGameJam/JrEngineerSim2017/Content/StarterContent/Materials/M_Concrete_Grime.uasset"
[2017.05.09-20.07.43:594][  0]LogPackFactory: Copied "../../../Samples/StarterContent/Content/StarterContent/Materials/M_Concrete_Panels.uasset" to "C:/ue4projects/ProgrammingGameJam/JrEngineerSim2017/Content/StarterContent/Materials/M_Concrete_Panels.uasset"
[2017.05.09-20.07.43:597][  0]LogPackFactory: Copied "../../../Samples/StarterContent/Content/StarterContent/Materials/M_Concrete_Poured.uasset" to "C:/ue4projects/ProgrammingGameJam/JrEngineerSim2017/Content/StarterContent/Materials/M_Concrete_Poured.uasset"
[2017.05.09-20.07.43:603][  0]LogPackFactory: Copied "../../../Samples/StarterContent/Content/StarterContent/Materials/M_Concrete_Tiles.uasset" to "C:/ue4projects/ProgrammingGameJam/JrEngineerSim2017/Content/StarterContent/Materials/M_Concrete_Tiles.uasset"
[2017.05.09-20.07.43:606][  0]LogPackFactory: Copied "../../../Samples/StarterContent/Content/StarterContent/Materials/M_Glass.uasset" to "C:/ue4projects/ProgrammingGameJam/JrEngineerSim2017/Content/StarterContent/Materials/M_Glass.uasset"
[2017.05.09-20.07.43:611][  0]LogPackFactory: Copied "../../../Samples/StarterContent/Content/StarterContent/Materials/M_Ground_Grass.uasset" to "C:/ue4projects/ProgrammingGameJam/JrEngineerSim2017/Content/StarterContent/Materials/M_Ground_Grass.uasset"
[2017.05.09-20.07.43:620][  0]LogPackFactory: Copied "../../../Samples/StarterContent/Content/StarterContent/Materials/M_Ground_Gravel.uasset" to "C:/ue4projects/ProgrammingGameJam/JrEngineerSim2017/Content/StarterContent/Materials/M_Ground_Gravel.uasset"
[2017.05.09-20.07.43:625][  0]LogPackFactory: Copied "../../../Samples/StarterContent/Content/StarterContent/Materials/M_Ground_Moss.uasset" to "C:/ue4projects/ProgrammingGameJam/JrEngineerSim2017/Content/StarterContent/Materials/M_Ground_Moss.uasset"
[2017.05.09-20.07.43:628][  0]LogPackFactory: Copied "../../../Samples/StarterContent/Content/StarterContent/Materials/M_Metal_Brushed_Nickel.uasset" to "C:/ue4projects/ProgrammingGameJam/JrEngineerSim2017/Content/StarterContent/Materials/M_Metal_Brushed_Nickel.uasset"
[2017.05.09-20.07.43:633][  0]LogPackFactory: Copied "../../../Samples/StarterContent/Content/StarterContent/Materials/M_Metal_Burnished_Steel.uasset" to "C:/ue4projects/ProgrammingGameJam/JrEngineerSim2017/Content/StarterContent/Materials/M_Metal_Burnished_Steel.uasset"
[2017.05.09-20.07.43:637][  0]LogPackFactory: Copied "../../../Samples/StarterContent/Content/StarterContent/Materials/M_Metal_Chrome.uasset" to "C:/ue4projects/ProgrammingGameJam/JrEngineerSim2017/Content/StarterContent/Materials/M_Metal_Chrome.uasset"
[2017.05.09-20.07.43:640][  0]LogPackFactory: Copied "../../../Samples/StarterContent/Content/StarterContent/Materials/M_Metal_Copper.uasset" to "C:/ue4projects/ProgrammingGameJam/JrEngineerSim2017/Content/StarterContent/Materials/M_Metal_Copper.uasset"
[2017.05.09-20.07.43:644][  0]LogPackFactory: Copied "../../../Samples/StarterContent/Content/StarterContent/Materials/M_Metal_Gold.uasset" to "C:/ue4projects/ProgrammingGameJam/JrEngineerSim2017/Content/StarterContent/Materials/M_Metal_Gold.uasset"
[2017.05.09-20.07.43:647][  0]LogPackFactory: Copied "../../../Samples/StarterContent/Content/StarterContent/Materials/M_Metal_Rust.uasset" to "C:/ue4projects/ProgrammingGameJam/JrEngineerSim2017/Content/StarterContent/Materials/M_Metal_Rust.uasset"
[2017.05.09-20.07.43:652][  0]LogPackFactory: Copied "../../../Samples/StarterContent/Content/StarterContent/Materials/M_Metal_Steel.uasset" to "C:/ue4projects/ProgrammingGameJam/JrEngineerSim2017/Content/StarterContent/Materials/M_Metal_Steel.uasset"
[2017.05.09-20.07.43:655][  0]LogPackFactory: Copied "../../../Samples/StarterContent/Content/StarterContent/Materials/M_Rock_Basalt.uasset" to "C:/ue4projects/ProgrammingGameJam/JrEngineerSim2017/Content/StarterContent/Materials/M_Rock_Basalt.uasset"
[2017.05.09-20.07.43:659][  0]LogPackFactory: Copied "../../../Samples/StarterContent/Content/StarterContent/Materials/M_Rock_Marble_Polished.uasset" to "C:/ue4projects/ProgrammingGameJam/JrEngineerSim2017/Content/StarterContent/Materials/M_Rock_Marble_Polished.uasset"
[2017.05.09-20.07.43:663][  0]LogPackFactory: Copied "../../../Samples/StarterContent/Content/StarterContent/Materials/M_Rock_Sandstone.uasset" to "C:/ue4projects/ProgrammingGameJam/JrEngineerSim2017/Content/StarterContent/Materials/M_Rock_Sandstone.uasset"
[2017.05.09-20.07.43:667][  0]LogPackFactory: Copied "../../../Samples/StarterContent/Content/StarterContent/Materials/M_Rock_Slate.uasset" to "C:/ue4projects/ProgrammingGameJam/JrEngineerSim2017/Content/StarterContent/Materials/M_Rock_Slate.uasset"
[2017.05.09-20.07.43:671][  0]LogPackFactory: Copied "../../../Samples/StarterContent/Content/StarterContent/Materials/M_Tech_Checker_Dot.uasset" to "C:/ue4projects/ProgrammingGameJam/JrEngineerSim2017/Content/StarterContent/Materials/M_Tech_Checker_Dot.uasset"
[2017.05.09-20.07.43:675][  0]LogPackFactory: Copied "../../../Samples/StarterContent/Content/StarterContent/Materials/M_Tech_Hex_Tile.uasset" to "C:/ue4projects/ProgrammingGameJam/JrEngineerSim2017/Content/StarterContent/Materials/M_Tech_Hex_Tile.uasset"
[2017.05.09-20.07.43:679][  0]LogPackFactory: Copied "../../../Samples/StarterContent/Content/StarterContent/Materials/M_Tech_Hex_Tile_Pulse.uasset" to "C:/ue4projects/ProgrammingGameJam/JrEngineerSim2017/Content/StarterContent/Materials/M_Tech_Hex_Tile_Pulse.uasset"
[2017.05.09-20.07.43:684][  0]LogPackFactory: Copied "../../../Samples/StarterContent/Content/StarterContent/Materials/M_Tech_Panel.uasset" to "C:/ue4projects/ProgrammingGameJam/JrEngineerSim2017/Content/StarterContent/Materials/M_Tech_Panel.uasset"
[2017.05.09-20.07.43:687][  0]LogPackFactory: Copied "../../../Samples/StarterContent/Content/StarterContent/Materials/M_Water_Lake.uasset" to "C:/ue4projects/ProgrammingGameJam/JrEngineerSim2017/Content/StarterContent/Materials/M_Water_Lake.uasset"
[2017.05.09-20.07.43:691][  0]LogPackFactory: Copied "../../../Samples/StarterContent/Content/StarterContent/Materials/M_Water_Ocean.uasset" to "C:/ue4projects/ProgrammingGameJam/JrEngineerSim2017/Content/StarterContent/Materials/M_Water_Ocean.uasset"
[2017.05.09-20.07.43:695][  0]LogPackFactory: Copied "../../../Samples/StarterContent/Content/StarterContent/Materials/M_Wood_Floor_Walnut_Polished.uasset" to "C:/ue4projects/ProgrammingGameJam/JrEngineerSim2017/Content/StarterContent/Materials/M_Wood_Floor_Walnut_Polished.uasset"
[2017.05.09-20.07.43:699][  0]LogPackFactory: Copied "../../../Samples/StarterContent/Content/StarterContent/Materials/M_Wood_Floor_Walnut_Worn.uasset" to "C:/ue4projects/ProgrammingGameJam/JrEngineerSim2017/Content/StarterContent/Materials/M_Wood_Floor_Walnut_Worn.uasset"
[2017.05.09-20.07.43:703][  0]LogPackFactory: Copied "../../../Samples/StarterContent/Content/StarterContent/Materials/M_Wood_Oak.uasset" to "C:/ue4projects/ProgrammingGameJam/JrEngineerSim2017/Content/StarterContent/Materials/M_Wood_Oak.uasset"
[2017.05.09-20.07.43:707][  0]LogPackFactory: Copied "../../../Samples/StarterContent/Content/StarterContent/Materials/M_Wood_Pine.uasset" to "C:/ue4projects/ProgrammingGameJam/JrEngineerSim2017/Content/StarterContent/Materials/M_Wood_Pine.uasset"
[2017.05.09-20.07.43:710][  0]LogPackFactory: Copied "../../../Samples/StarterContent/Content/StarterContent/Materials/M_Wood_Walnut.uasset" to "C:/ue4projects/ProgrammingGameJam/JrEngineerSim2017/Content/StarterContent/Materials/M_Wood_Walnut.uasset"
[2017.05.09-20.07.43:713][  0]LogPackFactory: Copied "../../../Samples/StarterContent/Content/StarterContent/Particles/P_Ambient_Dust.uasset" to "C:/ue4projects/ProgrammingGameJam/JrEngineerSim2017/Content/StarterContent/Particles/P_Ambient_Dust.uasset"
[2017.05.09-20.07.43:718][  0]LogPackFactory: Copied "../../../Samples/StarterContent/Content/StarterContent/Particles/P_Explosion.uasset" to "C:/ue4projects/ProgrammingGameJam/JrEngineerSim2017/Content/StarterContent/Particles/P_Explosion.uasset"
[2017.05.09-20.07.43:722][  0]LogPackFactory: Copied "../../../Samples/StarterContent/Content/StarterContent/Particles/P_Fire.uasset" to "C:/ue4projects/ProgrammingGameJam/JrEngineerSim2017/Content/StarterContent/Particles/P_Fire.uasset"
[2017.05.09-20.07.43:726][  0]LogPackFactory: Copied "../../../Samples/StarterContent/Content/StarterContent/Particles/P_Smoke.uasset" to "C:/ue4projects/ProgrammingGameJam/JrEngineerSim2017/Content/StarterContent/Particles/P_Smoke.uasset"
[2017.05.09-20.07.43:729][  0]LogPackFactory: Copied "../../../Samples/StarterContent/Content/StarterContent/Particles/P_Sparks.uasset" to "C:/ue4projects/ProgrammingGameJam/JrEngineerSim2017/Content/StarterContent/Particles/P_Sparks.uasset"
[2017.05.09-20.07.43:734][  0]LogPackFactory: Copied "../../../Samples/StarterContent/Content/StarterContent/Particles/P_Steam_Lit.uasset" to "C:/ue4projects/ProgrammingGameJam/JrEngineerSim2017/Content/StarterContent/Particles/P_Steam_Lit.uasset"
[2017.05.09-20.07.43:738][  0]LogPackFactory: Copied "../../../Samples/StarterContent/Content/StarterContent/Particles/Materials/M_Burst.uasset" to "C:/ue4projects/ProgrammingGameJam/JrEngineerSim2017/Content/StarterContent/Particles/Materials/M_Burst.uasset"
[2017.05.09-20.07.43:741][  0]LogPackFactory: Copied "../../../Samples/StarterContent/Content/StarterContent/Particles/Materials/M_Dust_Particle.uasset" to "C:/ue4projects/ProgrammingGameJam/JrEngineerSim2017/Content/StarterContent/Particles/Materials/M_Dust_Particle.uasset"
[2017.05.09-20.07.43:745][  0]LogPackFactory: Copied "../../../Samples/StarterContent/Content/StarterContent/Particles/Materials/M_explosion_subUV.uasset" to "C:/ue4projects/ProgrammingGameJam/JrEngineerSim2017/Content/StarterContent/Particles/Materials/M_explosion_subUV.uasset"
[2017.05.09-20.07.43:750][  0]LogPackFactory: Copied "../../../Samples/StarterContent/Content/StarterContent/Particles/Materials/M_Fire_SubUV.uasset" to "C:/ue4projects/ProgrammingGameJam/JrEngineerSim2017/Content/StarterContent/Particles/Materials/M_Fire_SubUV.uasset"
[2017.05.09-20.07.43:753][  0]LogPackFactory: Copied "../../../Samples/StarterContent/Content/StarterContent/Particles/Materials/m_flare_01.uasset" to "C:/ue4projects/ProgrammingGameJam/JrEngineerSim2017/Content/StarterContent/Particles/Materials/m_flare_01.uasset"
[2017.05.09-20.07.43:757][  0]LogPackFactory: Copied "../../../Samples/StarterContent/Content/StarterContent/Particles/Materials/M_Heat_Distortion.uasset" to "C:/ue4projects/ProgrammingGameJam/JrEngineerSim2017/Content/StarterContent/Particles/Materials/M_Heat_Distortion.uasset"
[2017.05.09-20.07.43:761][  0]LogPackFactory: Copied "../../../Samples/StarterContent/Content/StarterContent/Particles/Materials/M_Radial_Gradient.uasset" to "C:/ue4projects/ProgrammingGameJam/JrEngineerSim2017/Content/StarterContent/Particles/Materials/M_Radial_Gradient.uasset"
[2017.05.09-20.07.43:765][  0]LogPackFactory: Copied "../../../Samples/StarterContent/Content/StarterContent/Particles/Materials/M_radial_ramp.uasset" to "C:/ue4projects/ProgrammingGameJam/JrEngineerSim2017/Content/StarterContent/Particles/Materials/M_radial_ramp.uasset"
[2017.05.09-20.07.43:770][  0]LogPackFactory: Copied "../../../Samples/StarterContent/Content/StarterContent/Particles/Materials/M_smoke_subUV.uasset" to "C:/ue4projects/ProgrammingGameJam/JrEngineerSim2017/Content/StarterContent/Particles/Materials/M_smoke_subUV.uasset"
[2017.05.09-20.07.43:773][  0]LogPackFactory: Copied "../../../Samples/StarterContent/Content/StarterContent/Particles/Materials/M_Spark.uasset" to "C:/ue4projects/ProgrammingGameJam/JrEngineerSim2017/Content/StarterContent/Particles/Materials/M_Spark.uasset"
[2017.05.09-20.07.43:776][  0]LogPackFactory: Copied "../../../Samples/StarterContent/Content/StarterContent/Props/MaterialSphere.uasset" to "C:/ue4projects/ProgrammingGameJam/JrEngineerSim2017/Content/StarterContent/Props/MaterialSphere.uasset"
[2017.05.09-20.07.43:780][  0]LogPackFactory: Copied "../../../Samples/StarterContent/Content/StarterContent/Props/SM_Bush.uasset" to "C:/ue4projects/ProgrammingGameJam/JrEngineerSim2017/Content/StarterContent/Props/SM_Bush.uasset"
[2017.05.09-20.07.43:785][  0]LogPackFactory: Copied "../../../Samples/StarterContent/Content/StarterContent/Props/SM_Chair.uasset" to "C:/ue4projects/ProgrammingGameJam/JrEngineerSim2017/Content/StarterContent/Props/SM_Chair.uasset"
[2017.05.09-20.07.43:789][  0]LogPackFactory: Copied "../../../Samples/StarterContent/Content/StarterContent/Props/SM_CornerFrame.uasset" to "C:/ue4projects/ProgrammingGameJam/JrEngineerSim2017/Content/StarterContent/Props/SM_CornerFrame.uasset"
[2017.05.09-20.07.43:793][  0]LogPackFactory: Copied "../../../Samples/StarterContent/Content/StarterContent/Props/SM_Couch.uasset" to "C:/ue4projects/ProgrammingGameJam/JrEngineerSim2017/Content/StarterContent/Props/SM_Couch.uasset"
[2017.05.09-20.07.43:796][  0]LogPackFactory: Copied "../../../Samples/StarterContent/Content/StarterContent/Props/SM_Door.uasset" to "C:/ue4projects/ProgrammingGameJam/JrEngineerSim2017/Content/StarterContent/Props/SM_Door.uasset"
[2017.05.09-20.07.43:801][  0]LogPackFactory: Copied "../../../Samples/StarterContent/Content/StarterContent/Props/SM_DoorFrame.uasset" to "C:/ue4projects/ProgrammingGameJam/JrEngineerSim2017/Content/StarterContent/Props/SM_DoorFrame.uasset"
[2017.05.09-20.07.43:804][  0]LogPackFactory: Copied "../../../Samples/StarterContent/Content/StarterContent/Props/SM_GlassWindow.uasset" to "C:/ue4projects/ProgrammingGameJam/JrEngineerSim2017/Content/StarterContent/Props/SM_GlassWindow.uasset"
[2017.05.09-20.07.43:808][  0]LogPackFactory: Copied "../../../Samples/StarterContent/Content/StarterContent/Props/SM_Lamp_Ceiling.uasset" to "C:/ue4projects/ProgrammingGameJam/JrEngineerSim2017/Content/StarterContent/Props/SM_Lamp_Ceiling.uasset"
[2017.05.09-20.07.43:812][  0]LogPackFactory: Copied "../../../Samples/StarterContent/Content/StarterContent/Props/SM_Lamp_Wall.uasset" to "C:/ue4projects/ProgrammingGameJam/JrEngineerSim2017/Content/StarterContent/Props/SM_Lamp_Wall.uasset"
[2017.05.09-20.07.43:822][  0]LogPackFactory: Copied "../../../Samples/StarterContent/Content/StarterContent/Props/SM_MatPreviewMesh_02.uasset" to "C:/ue4projects/ProgrammingGameJam/JrEngineerSim2017/Content/StarterContent/Props/SM_MatPreviewMesh_02.uasset"
[2017.05.09-20.07.43:829][  0]LogPackFactory: Copied "../../../Samples/StarterContent/Content/StarterContent/Props/SM_PillarFrame.uasset" to "C:/ue4projects/ProgrammingGameJam/JrEngineerSim2017/Content/StarterContent/Props/SM_PillarFrame.uasset"
[2017.05.09-20.07.43:835][  0]LogPackFactory: Copied "../../../Samples/StarterContent/Content/StarterContent/Props/SM_PillarFrame300.uasset" to "C:/ue4projects/ProgrammingGameJam/JrEngineerSim2017/Content/StarterContent/Props/SM_PillarFrame300.uasset"
[2017.05.09-20.07.43:840][  0]LogPackFactory: Copied "../../../Samples/StarterContent/Content/StarterContent/Props/SM_Rock.uasset" to "C:/ue4projects/ProgrammingGameJam/JrEngineerSim2017/Content/StarterContent/Props/SM_Rock.uasset"
[2017.05.09-20.07.43:843][  0]LogPackFactory: Copied "../../../Samples/StarterContent/Content/StarterContent/Props/SM_Shelf.uasset" to "C:/ue4projects/ProgrammingGameJam/JrEngineerSim2017/Content/StarterContent/Props/SM_Shelf.uasset"
[2017.05.09-20.07.43:847][  0]LogPackFactory: Copied "../../../Samples/StarterContent/Content/StarterContent/Props/SM_Stairs.uasset" to "C:/ue4projects/ProgrammingGameJam/JrEngineerSim2017/Content/StarterContent/Props/SM_Stairs.uasset"
[2017.05.09-20.07.43:851][  0]LogPackFactory: Copied "../../../Samples/StarterContent/Content/StarterContent/Props/SM_Statue.uasset" to "C:/ue4projects/ProgrammingGameJam/JrEngineerSim2017/Content/StarterContent/Props/SM_Statue.uasset"
[2017.05.09-20.07.43:855][  0]LogPackFactory: Copied "../../../Samples/StarterContent/Content/StarterContent/Props/SM_TableRound.uasset" to "C:/ue4projects/ProgrammingGameJam/JrEngineerSim2017/Content/StarterContent/Props/SM_TableRound.uasset"
[2017.05.09-20.07.43:859][  0]LogPackFactory: Copied "../../../Samples/StarterContent/Content/StarterContent/Props/SM_WindowFrame.uasset" to "C:/ue4projects/ProgrammingGameJam/JrEngineerSim2017/Content/StarterContent/Props/SM_WindowFrame.uasset"
[2017.05.09-20.07.43:863][  0]LogPackFactory: Copied "../../../Samples/StarterContent/Content/StarterContent/Props/Materials/M_Bush.uasset" to "C:/ue4projects/ProgrammingGameJam/JrEngineerSim2017/Content/StarterContent/Props/Materials/M_Bush.uasset"
[2017.05.09-20.07.43:866][  0]LogPackFactory: Copied "../../../Samples/StarterContent/Content/StarterContent/Props/Materials/M_Chair.uasset" to "C:/ue4projects/ProgrammingGameJam/JrEngineerSim2017/Content/StarterContent/Props/Materials/M_Chair.uasset"
[2017.05.09-20.07.43:869][  0]LogPackFactory: Copied "../../../Samples/StarterContent/Content/StarterContent/Props/Materials/M_Door.uasset" to "C:/ue4projects/ProgrammingGameJam/JrEngineerSim2017/Content/StarterContent/Props/Materials/M_Door.uasset"
[2017.05.09-20.07.43:872][  0]LogPackFactory: Copied "../../../Samples/StarterContent/Content/StarterContent/Props/Materials/M_Frame.uasset" to "C:/ue4projects/ProgrammingGameJam/JrEngineerSim2017/Content/StarterContent/Props/Materials/M_Frame.uasset"
[2017.05.09-20.07.43:876][  0]LogPackFactory: Copied "../../../Samples/StarterContent/Content/StarterContent/Props/Materials/M_Lamp.uasset" to "C:/ue4projects/ProgrammingGameJam/JrEngineerSim2017/Content/StarterContent/Props/Materials/M_Lamp.uasset"
[2017.05.09-20.07.43:879][  0]LogPackFactory: Copied "../../../Samples/StarterContent/Content/StarterContent/Props/Materials/M_MaterialSphere.uasset" to "C:/ue4projects/ProgrammingGameJam/JrEngineerSim2017/Content/StarterContent/Props/Materials/M_MaterialSphere.uasset"
[2017.05.09-20.07.43:882][  0]LogPackFactory: Copied "../../../Samples/StarterContent/Content/StarterContent/Props/Materials/M_MaterialSphere_Plain.uasset" to "C:/ue4projects/ProgrammingGameJam/JrEngineerSim2017/Content/StarterContent/Props/Materials/M_MaterialSphere_Plain.uasset"
[2017.05.09-20.07.43:886][  0]LogPackFactory: Copied "../../../Samples/StarterContent/Content/StarterContent/Props/Materials/M_Rock.uasset" to "C:/ue4projects/ProgrammingGameJam/JrEngineerSim2017/Content/StarterContent/Props/Materials/M_Rock.uasset"
[2017.05.09-20.07.43:889][  0]LogPackFactory: Copied "../../../Samples/StarterContent/Content/StarterContent/Props/Materials/M_Shelf.uasset" to "C:/ue4projects/ProgrammingGameJam/JrEngineerSim2017/Content/StarterContent/Props/Materials/M_Shelf.uasset"
[2017.05.09-20.07.43:893][  0]LogPackFactory: Copied "../../../Samples/StarterContent/Content/StarterContent/Props/Materials/M_Statue.uasset" to "C:/ue4projects/ProgrammingGameJam/JrEngineerSim2017/Content/StarterContent/Props/Materials/M_Statue.uasset"
[2017.05.09-20.07.43:896][  0]LogPackFactory: Copied "../../../Samples/StarterContent/Content/StarterContent/Props/Materials/M_StatueGlass.uasset" to "C:/ue4projects/ProgrammingGameJam/JrEngineerSim2017/Content/StarterContent/Props/Materials/M_StatueGlass.uasset"
[2017.05.09-20.07.43:903][  0]LogPackFactory: Copied "../../../Samples/StarterContent/Content/StarterContent/Props/Materials/M_TableRound.uasset" to "C:/ue4projects/ProgrammingGameJam/JrEngineerSim2017/Content/StarterContent/Props/Materials/M_TableRound.uasset"
[2017.05.09-20.07.43:906][  0]LogPackFactory: Copied "../../../Samples/StarterContent/Content/StarterContent/Shapes/Shape_Cone.uasset" to "C:/ue4projects/ProgrammingGameJam/JrEngineerSim2017/Content/StarterContent/Shapes/Shape_Cone.uasset"
[2017.05.09-20.07.43:910][  0]LogPackFactory: Copied "../../../Samples/StarterContent/Content/StarterContent/Shapes/Shape_Cube.uasset" to "C:/ue4projects/ProgrammingGameJam/JrEngineerSim2017/Content/StarterContent/Shapes/Shape_Cube.uasset"
[2017.05.09-20.07.43:913][  0]LogPackFactory: Copied "../../../Samples/StarterContent/Content/StarterContent/Shapes/Shape_Cylinder.uasset" to "C:/ue4projects/ProgrammingGameJam/JrEngineerSim2017/Content/StarterContent/Shapes/Shape_Cylinder.uasset"
[2017.05.09-20.07.43:918][  0]LogPackFactory: Copied "../../../Samples/StarterContent/Content/StarterContent/Shapes/Shape_NarrowCapsule.uasset" to "C:/ue4projects/ProgrammingGameJam/JrEngineerSim2017/Content/StarterContent/Shapes/Shape_NarrowCapsule.uasset"
[2017.05.09-20.07.43:922][  0]LogPackFactory: Copied "../../../Samples/StarterContent/Content/StarterContent/Shapes/Shape_Pipe.uasset" to "C:/ue4projects/ProgrammingGameJam/JrEngineerSim2017/Content/StarterContent/Shapes/Shape_Pipe.uasset"
[2017.05.09-20.07.43:926][  0]LogPackFactory: Copied "../../../Samples/StarterContent/Content/StarterContent/Shapes/Shape_Pipe_180.uasset" to "C:/ue4projects/ProgrammingGameJam/JrEngineerSim2017/Content/StarterContent/Shapes/Shape_Pipe_180.uasset"
[2017.05.09-20.07.43:929][  0]LogPackFactory: Copied "../../../Samples/StarterContent/Content/StarterContent/Shapes/Shape_Pipe_90.uasset" to "C:/ue4projects/ProgrammingGameJam/JrEngineerSim2017/Content/StarterContent/Shapes/Shape_Pipe_90.uasset"
[2017.05.09-20.07.43:934][  0]LogPackFactory: Copied "../../../Samples/StarterContent/Content/StarterContent/Shapes/Shape_Plane.uasset" to "C:/ue4projects/ProgrammingGameJam/JrEngineerSim2017/Content/StarterContent/Shapes/Shape_Plane.uasset"
[2017.05.09-20.07.43:937][  0]LogPackFactory: Copied "../../../Samples/StarterContent/Content/StarterContent/Shapes/Shape_QuadPyramid.uasset" to "C:/ue4projects/ProgrammingGameJam/JrEngineerSim2017/Content/StarterContent/Shapes/Shape_QuadPyramid.uasset"
[2017.05.09-20.07.43:941][  0]LogPackFactory: Copied "../../../Samples/StarterContent/Content/StarterContent/Shapes/Shape_Sphere.uasset" to "C:/ue4projects/ProgrammingGameJam/JrEngineerSim2017/Content/StarterContent/Shapes/Shape_Sphere.uasset"
[2017.05.09-20.07.43:945][  0]LogPackFactory: Copied "../../../Samples/StarterContent/Content/StarterContent/Shapes/Shape_Torus.uasset" to "C:/ue4projects/ProgrammingGameJam/JrEngineerSim2017/Content/StarterContent/Shapes/Shape_Torus.uasset"
[2017.05.09-20.07.43:949][  0]LogPackFactory: Copied "../../../Samples/StarterContent/Content/StarterContent/Shapes/Shape_Trim.uasset" to "C:/ue4projects/ProgrammingGameJam/JrEngineerSim2017/Content/StarterContent/Shapes/Shape_Trim.uasset"
[2017.05.09-20.07.43:953][  0]LogPackFactory: Copied "../../../Samples/StarterContent/Content/StarterContent/Shapes/Shape_Trim_90_In.uasset" to "C:/ue4projects/ProgrammingGameJam/JrEngineerSim2017/Content/StarterContent/Shapes/Shape_Trim_90_In.uasset"
[2017.05.09-20.07.43:958][  0]LogPackFactory: Copied "../../../Samples/StarterContent/Content/StarterContent/Shapes/Shape_Trim_90_Out.uasset" to "C:/ue4projects/ProgrammingGameJam/JrEngineerSim2017/Content/StarterContent/Shapes/Shape_Trim_90_Out.uasset"
[2017.05.09-20.07.43:962][  0]LogPackFactory: Copied "../../../Samples/StarterContent/Content/StarterContent/Shapes/Shape_TriPyramid.uasset" to "C:/ue4projects/ProgrammingGameJam/JrEngineerSim2017/Content/StarterContent/Shapes/Shape_TriPyramid.uasset"
[2017.05.09-20.07.43:967][  0]LogPackFactory: Copied "../../../Samples/StarterContent/Content/StarterContent/Shapes/Shape_Tube.uasset" to "C:/ue4projects/ProgrammingGameJam/JrEngineerSim2017/Content/StarterContent/Shapes/Shape_Tube.uasset"
[2017.05.09-20.07.43:971][  0]LogPackFactory: Copied "../../../Samples/StarterContent/Content/StarterContent/Shapes/Shape_Wedge_A.uasset" to "C:/ue4projects/ProgrammingGameJam/JrEngineerSim2017/Content/StarterContent/Shapes/Shape_Wedge_A.uasset"
[2017.05.09-20.07.43:974][  0]LogPackFactory: Copied "../../../Samples/StarterContent/Content/StarterContent/Shapes/Shape_Wedge_B.uasset" to "C:/ue4projects/ProgrammingGameJam/JrEngineerSim2017/Content/StarterContent/Shapes/Shape_Wedge_B.uasset"
[2017.05.09-20.07.43:978][  0]LogPackFactory: Copied "../../../Samples/StarterContent/Content/StarterContent/Shapes/Shape_WideCapsule.uasset" to "C:/ue4projects/ProgrammingGameJam/JrEngineerSim2017/Content/StarterContent/Shapes/Shape_WideCapsule.uasset"
[2017.05.09-20.07.43:988][  0]LogPackFactory: Copied "../../../Samples/StarterContent/Content/StarterContent/Textures/T_Brick_Clay_Beveled_D.uasset" to "C:/ue4projects/ProgrammingGameJam/JrEngineerSim2017/Content/StarterContent/Textures/T_Brick_Clay_Beveled_D.uasset"
[2017.05.09-20.07.43:996][  0]LogPackFactory: Copied "../../../Samples/StarterContent/Content/StarterContent/Textures/T_Brick_Clay_Beveled_M.uasset" to "C:/ue4projects/ProgrammingGameJam/JrEngineerSim2017/Content/StarterContent/Textures/T_Brick_Clay_Beveled_M.uasset"
[2017.05.09-20.07.44:007][  0]LogPackFactory: Copied "../../../Samples/StarterContent/Content/StarterContent/Textures/T_Brick_Clay_Beveled_N.uasset" to "C:/ue4projects/ProgrammingGameJam/JrEngineerSim2017/Content/StarterContent/Textures/T_Brick_Clay_Beveled_N.uasset"
[2017.05.09-20.07.44:016][  0]LogPackFactory: Copied "../../../Samples/StarterContent/Content/StarterContent/Textures/T_Brick_Clay_New_D.uasset" to "C:/ue4projects/ProgrammingGameJam/JrEngineerSim2017/Content/StarterContent/Textures/T_Brick_Clay_New_D.uasset"
[2017.05.09-20.07.44:034][  0]LogPackFactory: Copied "../../../Samples/StarterContent/Content/StarterContent/Textures/T_Brick_Clay_New_M.uasset" to "C:/ue4projects/ProgrammingGameJam/JrEngineerSim2017/Content/StarterContent/Textures/T_Brick_Clay_New_M.uasset"
[2017.05.09-20.07.44:044][  0]LogPackFactory: Copied "../../../Samples/StarterContent/Content/StarterContent/Textures/T_Brick_Clay_New_N.uasset" to "C:/ue4projects/ProgrammingGameJam/JrEngineerSim2017/Content/StarterContent/Textures/T_Brick_Clay_New_N.uasset"
[2017.05.09-20.07.44:056][  0]LogPackFactory: Copied "../../../Samples/StarterContent/Content/StarterContent/Textures/T_Brick_Clay_Old_D.uasset" to "C:/ue4projects/ProgrammingGameJam/JrEngineerSim2017/Content/StarterContent/Textures/T_Brick_Clay_Old_D.uasset"
[2017.05.09-20.07.44:064][  0]LogPackFactory: Copied "../../../Samples/StarterContent/Content/StarterContent/Textures/T_Brick_Clay_Old_N.uasset" to "C:/ue4projects/ProgrammingGameJam/JrEngineerSim2017/Content/StarterContent/Textures/T_Brick_Clay_Old_N.uasset"
[2017.05.09-20.07.44:077][  0]LogPackFactory: Copied "../../../Samples/StarterContent/Content/StarterContent/Textures/T_Brick_Cut_Stone_D.uasset" to "C:/ue4projects/ProgrammingGameJam/JrEngineerSim2017/Content/StarterContent/Textures/T_Brick_Cut_Stone_D.uasset"
[2017.05.09-20.07.44:086][  0]LogPackFactory: Copied "../../../Samples/StarterContent/Content/StarterContent/Textures/T_Brick_Cut_Stone_N.uasset" to "C:/ue4projects/ProgrammingGameJam/JrEngineerSim2017/Content/StarterContent/Textures/T_Brick_Cut_Stone_N.uasset"
[2017.05.09-20.07.44:093][  0]LogPackFactory: Copied "../../../Samples/StarterContent/Content/StarterContent/Textures/T_Brick_Hewn_Stone_D.uasset" to "C:/ue4projects/ProgrammingGameJam/JrEngineerSim2017/Content/StarterContent/Textures/T_Brick_Hewn_Stone_D.uasset"
[2017.05.09-20.07.44:102][  0]LogPackFactory: Copied "../../../Samples/StarterContent/Content/StarterContent/Textures/T_Brick_Hewn_Stone_M.uasset" to "C:/ue4projects/ProgrammingGameJam/JrEngineerSim2017/Content/StarterContent/Textures/T_Brick_Hewn_Stone_M.uasset"
[2017.05.09-20.07.44:111][  0]LogPackFactory: Copied "../../../Samples/StarterContent/Content/StarterContent/Textures/T_Brick_Hewn_Stone_N.uasset" to "C:/ue4projects/ProgrammingGameJam/JrEngineerSim2017/Content/StarterContent/Textures/T_Brick_Hewn_Stone_N.uasset"
[2017.05.09-20.07.44:116][  0]LogPackFactory: Copied "../../../Samples/StarterContent/Content/StarterContent/Textures/T_Burst_M.uasset" to "C:/ue4projects/ProgrammingGameJam/JrEngineerSim2017/Content/StarterContent/Textures/T_Burst_M.uasset"
[2017.05.09-20.07.44:120][  0]LogPackFactory: Copied "../../../Samples/StarterContent/Content/StarterContent/Textures/T_Bush_D.uasset" to "C:/ue4projects/ProgrammingGameJam/JrEngineerSim2017/Content/StarterContent/Textures/T_Bush_D.uasset"
[2017.05.09-20.07.44:124][  0]LogPackFactory: Copied "../../../Samples/StarterContent/Content/StarterContent/Textures/T_Bush_N.uasset" to "C:/ue4projects/ProgrammingGameJam/JrEngineerSim2017/Content/StarterContent/Textures/T_Bush_N.uasset"
[2017.05.09-20.07.44:130][  0]LogPackFactory: Copied "../../../Samples/StarterContent/Content/StarterContent/Textures/T_Ceramic_Tile_M.uasset" to "C:/ue4projects/ProgrammingGameJam/JrEngineerSim2017/Content/StarterContent/Textures/T_Ceramic_Tile_M.uasset"
[2017.05.09-20.07.44:135][  0]LogPackFactory: Copied "../../../Samples/StarterContent/Content/StarterContent/Textures/T_Ceramic_Tile_N.uasset" to "C:/ue4projects/ProgrammingGameJam/JrEngineerSim2017/Content/StarterContent/Textures/T_Ceramic_Tile_N.uasset"
[2017.05.09-20.07.44:139][  0]LogPackFactory: Copied "../../../Samples/StarterContent/Content/StarterContent/Textures/T_Chair_M.uasset" to "C:/ue4projects/ProgrammingGameJam/JrEngineerSim2017/Content/StarterContent/Textures/T_Chair_M.uasset"
[2017.05.09-20.07.44:144][  0]LogPackFactory: Copied "../../../Samples/StarterContent/Content/StarterContent/Textures/T_Chair_N.uasset" to "C:/ue4projects/ProgrammingGameJam/JrEngineerSim2017/Content/StarterContent/Textures/T_Chair_N.uasset"
[2017.05.09-20.07.44:148][  0]LogPackFactory: Copied "../../../Samples/StarterContent/Content/StarterContent/Textures/T_Checker_Noise_M.uasset" to "C:/ue4projects/ProgrammingGameJam/JrEngineerSim2017/Content/StarterContent/Textures/T_Checker_Noise_M.uasset"
[2017.05.09-20.07.44:159][  0]LogPackFactory: Copied "../../../Samples/StarterContent/Content/StarterContent/Textures/T_CobbleStone_Pebble_D.uasset" to "C:/ue4projects/ProgrammingGameJam/JrEngineerSim2017/Content/StarterContent/Textures/T_CobbleStone_Pebble_D.uasset"
[2017.05.09-20.07.44:164][  0]LogPackFactory: Copied "../../../Samples/StarterContent/Content/StarterContent/Textures/T_CobbleStone_Pebble_M.uasset" to "C:/ue4projects/ProgrammingGameJam/JrEngineerSim2017/Content/StarterContent/Textures/T_CobbleStone_Pebble_M.uasset"
[2017.05.09-20.07.44:176][  0]LogPackFactory: Copied "../../../Samples/StarterContent/Content/StarterContent/Textures/T_CobbleStone_Pebble_N.uasset" to "C:/ue4projects/ProgrammingGameJam/JrEngineerSim2017/Content/StarterContent/Textures/T_CobbleStone_Pebble_N.uasset"
[2017.05.09-20.07.44:182][  0]LogPackFactory: Copied "../../../Samples/StarterContent/Content/StarterContent/Textures/T_CobbleStone_Rough_D.uasset" to "C:/ue4projects/ProgrammingGameJam/JrEngineerSim2017/Content/StarterContent/Textures/T_CobbleStone_Rough_D.uasset"
[2017.05.09-20.07.44:188][  0]LogPackFactory: Copied "../../../Samples/StarterContent/Content/StarterContent/Textures/T_CobbleStone_Rough_N.uasset" to "C:/ue4projects/ProgrammingGameJam/JrEngineerSim2017/Content/StarterContent/Textures/T_CobbleStone_Rough_N.uasset"
[2017.05.09-20.07.44:195][  0]LogPackFactory: Copied "../../../Samples/StarterContent/Content/StarterContent/Textures/T_CobbleStone_Smooth_D.uasset" to "C:/ue4projects/ProgrammingGameJam/JrEngineerSim2017/Content/StarterContent/Textures/T_CobbleStone_Smooth_D.uasset"
[2017.05.09-20.07.44:204][  0]LogPackFactory: Copied "../../../Samples/StarterContent/Content/StarterContent/Textures/T_CobbleStone_Smooth_M.uasset" to "C:/ue4projects/ProgrammingGameJam/JrEngineerSim2017/Content/StarterContent/Textures/T_CobbleStone_Smooth_M.uasset"
[2017.05.09-20.07.44:213][  0]LogPackFactory: Copied "../../../Samples/StarterContent/Content/StarterContent/Textures/T_CobbleStone_Smooth_N.uasset" to "C:/ue4projects/ProgrammingGameJam/JrEngineerSim2017/Content/StarterContent/Textures/T_CobbleStone_Smooth_N.uasset"
[2017.05.09-20.07.44:234][  0]LogPackFactory: Copied "../../../Samples/StarterContent/Content/StarterContent/Textures/T_Concrete_Grime_D.uasset" to "C:/ue4projects/ProgrammingGameJam/JrEngineerSim2017/Content/StarterContent/Textures/T_Concrete_Grime_D.uasset"
[2017.05.09-20.07.44:244][  0]LogPackFactory: Copied "../../../Samples/StarterContent/Content/StarterContent/Textures/T_Concrete_Panels_D.uasset" to "C:/ue4projects/ProgrammingGameJam/JrEngineerSim2017/Content/StarterContent/Textures/T_Concrete_Panels_D.uasset"
[2017.05.09-20.07.44:253][  0]LogPackFactory: Copied "../../../Samples/StarterContent/Content/StarterContent/Textures/T_Concrete_Panels_N.uasset" to "C:/ue4projects/ProgrammingGameJam/JrEngineerSim2017/Content/StarterContent/Textures/T_Concrete_Panels_N.uasset"
[2017.05.09-20.07.44:264][  0]LogPackFactory: Copied "../../../Samples/StarterContent/Content/StarterContent/Textures/T_Concrete_Poured_D.uasset" to "C:/ue4projects/ProgrammingGameJam/JrEngineerSim2017/Content/StarterContent/Textures/T_Concrete_Poured_D.uasset"
[2017.05.09-20.07.44:274][  0]LogPackFactory: Copied "../../../Samples/StarterContent/Content/StarterContent/Textures/T_Concrete_Poured_N.uasset" to "C:/ue4projects/ProgrammingGameJam/JrEngineerSim2017/Content/StarterContent/Textures/T_Concrete_Poured_N.uasset"
[2017.05.09-20.07.44:282][  0]LogPackFactory: Copied "../../../Samples/StarterContent/Content/StarterContent/Textures/T_Concrete_Tiles_D.uasset" to "C:/ue4projects/ProgrammingGameJam/JrEngineerSim2017/Content/StarterContent/Textures/T_Concrete_Tiles_D.uasset"
[2017.05.09-20.07.44:290][  0]LogPackFactory: Copied "../../../Samples/StarterContent/Content/StarterContent/Textures/T_Concrete_Tiles_M.uasset" to "C:/ue4projects/ProgrammingGameJam/JrEngineerSim2017/Content/StarterContent/Textures/T_Concrete_Tiles_M.uasset"
[2017.05.09-20.07.44:307][  0]LogPackFactory: Copied "../../../Samples/StarterContent/Content/StarterContent/Textures/T_Concrete_Tiles_N.uasset" to "C:/ue4projects/ProgrammingGameJam/JrEngineerSim2017/Content/StarterContent/Textures/T_Concrete_Tiles_N.uasset"
[2017.05.09-20.07.44:310][  0]LogPackFactory: Copied "../../../Samples/StarterContent/Content/StarterContent/Textures/T_Concrete_Tiles_Variation_M.uasset" to "C:/ue4projects/ProgrammingGameJam/JrEngineerSim2017/Content/StarterContent/Textures/T_Concrete_Tiles_Variation_M.uasset"
[2017.05.09-20.07.44:317][  0]LogPackFactory: Copied "../../../Samples/StarterContent/Content/StarterContent/Textures/T_Detail_Rocky_N.uasset" to "C:/ue4projects/ProgrammingGameJam/JrEngineerSim2017/Content/StarterContent/Textures/T_Detail_Rocky_N.uasset"
[2017.05.09-20.07.44:321][  0]LogPackFactory: Copied "../../../Samples/StarterContent/Content/StarterContent/Textures/T_Door_M.uasset" to "C:/ue4projects/ProgrammingGameJam/JrEngineerSim2017/Content/StarterContent/Textures/T_Door_M.uasset"
[2017.05.09-20.07.44:325][  0]LogPackFactory: Copied "../../../Samples/StarterContent/Content/StarterContent/Textures/T_Door_N.uasset" to "C:/ue4projects/ProgrammingGameJam/JrEngineerSim2017/Content/StarterContent/Textures/T_Door_N.uasset"
[2017.05.09-20.07.44:329][  0]LogPackFactory: Copied "../../../Samples/StarterContent/Content/StarterContent/Textures/T_Dust_Particle_D.uasset" to "C:/ue4projects/ProgrammingGameJam/JrEngineerSim2017/Content/StarterContent/Textures/T_Dust_Particle_D.uasset"
[2017.05.09-20.07.44:336][  0]LogPackFactory: Copied "../../../Samples/StarterContent/Content/StarterContent/Textures/T_Explosion_SubUV.uasset" to "C:/ue4projects/ProgrammingGameJam/JrEngineerSim2017/Content/StarterContent/Textures/T_Explosion_SubUV.uasset"
[2017.05.09-20.07.44:340][  0]LogPackFactory: Copied "../../../Samples/StarterContent/Content/StarterContent/Textures/T_Fire_SubUV.uasset" to "C:/ue4projects/ProgrammingGameJam/JrEngineerSim2017/Content/StarterContent/Textures/T_Fire_SubUV.uasset"
[2017.05.09-20.07.44:389][  0]LogPackFactory: Copied "../../../Samples/StarterContent/Content/StarterContent/Textures/T_Fire_Tiled_D.uasset" to "C:/ue4projects/ProgrammingGameJam/JrEngineerSim2017/Content/StarterContent/Textures/T_Fire_Tiled_D.uasset"
[2017.05.09-20.07.44:393][  0]LogPackFactory: Copied "../../../Samples/StarterContent/Content/StarterContent/Textures/T_Frame_M.uasset" to "C:/ue4projects/ProgrammingGameJam/JrEngineerSim2017/Content/StarterContent/Textures/T_Frame_M.uasset"
[2017.05.09-20.07.44:398][  0]LogPackFactory: Copied "../../../Samples/StarterContent/Content/StarterContent/Textures/T_Frame_N.uasset" to "C:/ue4projects/ProgrammingGameJam/JrEngineerSim2017/Content/StarterContent/Textures/T_Frame_N.uasset"
[2017.05.09-20.07.44:400][  0]LogPackFactory: Copied "../../../Samples/StarterContent/Content/StarterContent/Textures/T_Gradinet_01.uasset" to "C:/ue4projects/ProgrammingGameJam/JrEngineerSim2017/Content/StarterContent/Textures/T_Gradinet_01.uasset"
[2017.05.09-20.07.44:446][  0]LogPackFactory: Copied "../../../Samples/StarterContent/Content/StarterContent/Textures/T_Ground_Grass_D.uasset" to "C:/ue4projects/ProgrammingGameJam/JrEngineerSim2017/Content/StarterContent/Textures/T_Ground_Grass_D.uasset"
[2017.05.09-20.07.44:458][  0]LogPackFactory: Copied "../../../Samples/StarterContent/Content/StarterContent/Textures/T_Ground_Grass_N.uasset" to "C:/ue4projects/ProgrammingGameJam/JrEngineerSim2017/Content/StarterContent/Textures/T_Ground_Grass_N.uasset"
[2017.05.09-20.07.44:500][  0]LogPackFactory: Copied "../../../Samples/StarterContent/Content/StarterContent/Textures/T_Ground_Gravel_D.uasset" to "C:/ue4projects/ProgrammingGameJam/JrEngineerSim2017/Content/StarterContent/Textures/T_Ground_Gravel_D.uasset"
[2017.05.09-20.07.44:545][  0]LogPackFactory: Copied "../../../Samples/StarterContent/Content/StarterContent/Textures/T_Ground_Gravel_N.uasset" to "C:/ue4projects/ProgrammingGameJam/JrEngineerSim2017/Content/StarterContent/Textures/T_Ground_Gravel_N.uasset"
[2017.05.09-20.07.44:557][  0]LogPackFactory: Copied "../../../Samples/StarterContent/Content/StarterContent/Textures/T_ground_Moss_D.uasset" to "C:/ue4projects/ProgrammingGameJam/JrEngineerSim2017/Content/StarterContent/Textures/T_ground_Moss_D.uasset"
[2017.05.09-20.07.44:612][  0]LogPackFactory: Copied "../../../Samples/StarterContent/Content/StarterContent/Textures/T_Ground_Moss_N.uasset" to "C:/ue4projects/ProgrammingGameJam/JrEngineerSim2017/Content/StarterContent/Textures/T_Ground_Moss_N.uasset"
[2017.05.09-20.07.44:618][  0]LogPackFactory: Copied "../../../Samples/StarterContent/Content/StarterContent/Textures/T_Lamp_M.uasset" to "C:/ue4projects/ProgrammingGameJam/JrEngineerSim2017/Content/StarterContent/Textures/T_Lamp_M.uasset"
[2017.05.09-20.07.44:624][  0]LogPackFactory: Copied "../../../Samples/StarterContent/Content/StarterContent/Textures/T_Lamp_N.uasset" to "C:/ue4projects/ProgrammingGameJam/JrEngineerSim2017/Content/StarterContent/Textures/T_Lamp_N.uasset"
[2017.05.09-20.07.44:642][  0]LogPackFactory: Copied "../../../Samples/StarterContent/Content/StarterContent/Textures/T_MacroVariation.uasset" to "C:/ue4projects/ProgrammingGameJam/JrEngineerSim2017/Content/StarterContent/Textures/T_MacroVariation.uasset"
[2017.05.09-20.07.44:706][  0]LogPackFactory: Copied "../../../Samples/StarterContent/Content/StarterContent/Textures/T_Metal_Aluminum_D.uasset" to "C:/ue4projects/ProgrammingGameJam/JrEngineerSim2017/Content/StarterContent/Textures/T_Metal_Aluminum_D.uasset"
[2017.05.09-20.07.44:715][  0]LogPackFactory: Copied "../../../Samples/StarterContent/Content/StarterContent/Textures/T_Metal_Copper_D.uasset" to "C:/ue4projects/ProgrammingGameJam/JrEngineerSim2017/Content/StarterContent/Textures/T_Metal_Copper_D.uasset"
[2017.05.09-20.07.44:724][  0]LogPackFactory: Copied "../../../Samples/StarterContent/Content/StarterContent/Textures/T_Metal_Gold_D.uasset" to "C:/ue4projects/ProgrammingGameJam/JrEngineerSim2017/Content/StarterContent/Textures/T_Metal_Gold_D.uasset"
[2017.05.09-20.07.44:729][  0]LogPackFactory: Copied "../../../Samples/StarterContent/Content/StarterContent/Textures/T_Metal_Gold_N.uasset" to "C:/ue4projects/ProgrammingGameJam/JrEngineerSim2017/Content/StarterContent/Textures/T_Metal_Gold_N.uasset"
[2017.05.09-20.07.44:791][  0]LogPackFactory: Copied "../../../Samples/StarterContent/Content/StarterContent/Textures/T_Metal_Rust_D.uasset" to "C:/ue4projects/ProgrammingGameJam/JrEngineerSim2017/Content/StarterContent/Textures/T_Metal_Rust_D.uasset"
[2017.05.09-20.07.44:842][  0]LogPackFactory: Copied "../../../Samples/StarterContent/Content/StarterContent/Textures/T_Metal_Rust_N.uasset" to "C:/ue4projects/ProgrammingGameJam/JrEngineerSim2017/Content/StarterContent/Textures/T_Metal_Rust_N.uasset"
[2017.05.09-20.07.44:849][  0]LogPackFactory: Copied "../../../Samples/StarterContent/Content/StarterContent/Textures/T_Metal_Steel_D.uasset" to "C:/ue4projects/ProgrammingGameJam/JrEngineerSim2017/Content/StarterContent/Textures/T_Metal_Steel_D.uasset"
[2017.05.09-20.07.44:908][  0]LogPackFactory: Copied "../../../Samples/StarterContent/Content/StarterContent/Textures/T_Metal_Steel_N.uasset" to "C:/ue4projects/ProgrammingGameJam/JrEngineerSim2017/Content/StarterContent/Textures/T_Metal_Steel_N.uasset"
[2017.05.09-20.07.44:921][  0]LogPackFactory: Copied "../../../Samples/StarterContent/Content/StarterContent/Textures/T_Perlin_Noise_M.uasset" to "C:/ue4projects/ProgrammingGameJam/JrEngineerSim2017/Content/StarterContent/Textures/T_Perlin_Noise_M.uasset"
[2017.05.09-20.07.44:926][  0]LogPackFactory: Copied "../../../Samples/StarterContent/Content/StarterContent/Textures/T_RockMesh_M.uasset" to "C:/ue4projects/ProgrammingGameJam/JrEngineerSim2017/Content/StarterContent/Textures/T_RockMesh_M.uasset"
[2017.05.09-20.07.44:934][  0]LogPackFactory: Copied "../../../Samples/StarterContent/Content/StarterContent/Textures/T_RockMesh_N.uasset" to "C:/ue4projects/ProgrammingGameJam/JrEngineerSim2017/Content/StarterContent/Textures/T_RockMesh_N.uasset"
[2017.05.09-20.07.44:944][  0]LogPackFactory: Copied "../../../Samples/StarterContent/Content/StarterContent/Textures/T_Rock_Basalt_D.uasset" to "C:/ue4projects/ProgrammingGameJam/JrEngineerSim2017/Content/StarterContent/Textures/T_Rock_Basalt_D.uasset"
[2017.05.09-20.07.45:053][  0]LogPackFactory: Copied "../../../Samples/StarterContent/Content/StarterContent/Textures/T_Rock_Basalt_N.uasset" to "C:/ue4projects/ProgrammingGameJam/JrEngineerSim2017/Content/StarterContent/Textures/T_Rock_Basalt_N.uasset"
[2017.05.09-20.07.45:153][  0]LogPackFactory: Copied "../../../Samples/StarterContent/Content/StarterContent/Textures/T_Rock_Marble_Polished_D.uasset" to "C:/ue4projects/ProgrammingGameJam/JrEngineerSim2017/Content/StarterContent/Textures/T_Rock_Marble_Polished_D.uasset"
[2017.05.09-20.07.45:302][  0]LogPackFactory: Copied "../../../Samples/StarterContent/Content/StarterContent/Textures/T_Rock_Sandstone_D.uasset" to "C:/ue4projects/ProgrammingGameJam/JrEngineerSim2017/Content/StarterContent/Textures/T_Rock_Sandstone_D.uasset"
[2017.05.09-20.07.45:310][  0]LogPackFactory: Copied "../../../Samples/StarterContent/Content/StarterContent/Textures/T_Rock_Sandstone_N.uasset" to "C:/ue4projects/ProgrammingGameJam/JrEngineerSim2017/Content/StarterContent/Textures/T_Rock_Sandstone_N.uasset"
[2017.05.09-20.07.45:407][  0]LogPackFactory: Copied "../../../Samples/StarterContent/Content/StarterContent/Textures/T_Rock_Slate_D.uasset" to "C:/ue4projects/ProgrammingGameJam/JrEngineerSim2017/Content/StarterContent/Textures/T_Rock_Slate_D.uasset"
[2017.05.09-20.07.45:416][  0]LogPackFactory: Copied "../../../Samples/StarterContent/Content/StarterContent/Textures/T_Rock_Slate_N.uasset" to "C:/ue4projects/ProgrammingGameJam/JrEngineerSim2017/Content/StarterContent/Textures/T_Rock_Slate_N.uasset"
[2017.05.09-20.07.45:433][  0]LogPackFactory: Copied "../../../Samples/StarterContent/Content/StarterContent/Textures/T_Rock_Smooth_Granite_D.uasset" to "C:/ue4projects/ProgrammingGameJam/JrEngineerSim2017/Content/StarterContent/Textures/T_Rock_Smooth_Granite_D.uasset"
[2017.05.09-20.07.45:437][  0]LogPackFactory: Copied "../../../Samples/StarterContent/Content/StarterContent/Textures/T_Shelf_M.uasset" to "C:/ue4projects/ProgrammingGameJam/JrEngineerSim2017/Content/StarterContent/Textures/T_Shelf_M.uasset"
[2017.05.09-20.07.45:441][  0]LogPackFactory: Copied "../../../Samples/StarterContent/Content/StarterContent/Textures/T_Shelf_N.uasset" to "C:/ue4projects/ProgrammingGameJam/JrEngineerSim2017/Content/StarterContent/Textures/T_Shelf_N.uasset"
[2017.05.09-20.07.45:446][  0]LogPackFactory: Copied "../../../Samples/StarterContent/Content/StarterContent/Textures/T_Single_Tile_N.uasset" to "C:/ue4projects/ProgrammingGameJam/JrEngineerSim2017/Content/StarterContent/Textures/T_Single_Tile_N.uasset"
[2017.05.09-20.07.45:457][  0]LogPackFactory: Copied "../../../Samples/StarterContent/Content/StarterContent/Textures/T_Smoke_SubUV.uasset" to "C:/ue4projects/ProgrammingGameJam/JrEngineerSim2017/Content/StarterContent/Textures/T_Smoke_SubUV.uasset"
[2017.05.09-20.07.45:462][  0]LogPackFactory: Copied "../../../Samples/StarterContent/Content/StarterContent/Textures/T_Smoke_Tiled_D.uasset" to "C:/ue4projects/ProgrammingGameJam/JrEngineerSim2017/Content/StarterContent/Textures/T_Smoke_Tiled_D.uasset"
[2017.05.09-20.07.45:467][  0]LogPackFactory: Copied "../../../Samples/StarterContent/Content/StarterContent/Textures/T_Spark_Core.uasset" to "C:/ue4projects/ProgrammingGameJam/JrEngineerSim2017/Content/StarterContent/Textures/T_Spark_Core.uasset"
[2017.05.09-20.07.45:472][  0]LogPackFactory: Copied "../../../Samples/StarterContent/Content/StarterContent/Textures/T_Statue_M.uasset" to "C:/ue4projects/ProgrammingGameJam/JrEngineerSim2017/Content/StarterContent/Textures/T_Statue_M.uasset"
[2017.05.09-20.07.45:476][  0]LogPackFactory: Copied "../../../Samples/StarterContent/Content/StarterContent/Textures/T_Statue_N.uasset" to "C:/ue4projects/ProgrammingGameJam/JrEngineerSim2017/Content/StarterContent/Textures/T_Statue_N.uasset"
[2017.05.09-20.07.45:481][  0]LogPackFactory: Copied "../../../Samples/StarterContent/Content/StarterContent/Textures/T_TableRound_M.uasset" to "C:/ue4projects/ProgrammingGameJam/JrEngineerSim2017/Content/StarterContent/Textures/T_TableRound_M.uasset"
[2017.05.09-20.07.45:487][  0]LogPackFactory: Copied "../../../Samples/StarterContent/Content/StarterContent/Textures/T_TableRound_N.uasset" to "C:/ue4projects/ProgrammingGameJam/JrEngineerSim2017/Content/StarterContent/Textures/T_TableRound_N.uasset"
[2017.05.09-20.07.45:491][  0]LogPackFactory: Copied "../../../Samples/StarterContent/Content/StarterContent/Textures/T_Tech_Dot_M.uasset" to "C:/ue4projects/ProgrammingGameJam/JrEngineerSim2017/Content/StarterContent/Textures/T_Tech_Dot_M.uasset"
[2017.05.09-20.07.45:495][  0]LogPackFactory: Copied "../../../Samples/StarterContent/Content/StarterContent/Textures/T_Tech_Dot_N.uasset" to "C:/ue4projects/ProgrammingGameJam/JrEngineerSim2017/Content/StarterContent/Textures/T_Tech_Dot_N.uasset"
[2017.05.09-20.07.45:500][  0]LogPackFactory: Copied "../../../Samples/StarterContent/Content/StarterContent/Textures/T_Tech_Hex_Tile_M.uasset" to "C:/ue4projects/ProgrammingGameJam/JrEngineerSim2017/Content/StarterContent/Textures/T_Tech_Hex_Tile_M.uasset"
[2017.05.09-20.07.45:505][  0]LogPackFactory: Copied "../../../Samples/StarterContent/Content/StarterContent/Textures/T_Tech_Hex_Tile_N.uasset" to "C:/ue4projects/ProgrammingGameJam/JrEngineerSim2017/Content/StarterContent/Textures/T_Tech_Hex_Tile_N.uasset"
[2017.05.09-20.07.45:510][  0]LogPackFactory: Copied "../../../Samples/StarterContent/Content/StarterContent/Textures/T_Tech_Panel_M.uasset" to "C:/ue4projects/ProgrammingGameJam/JrEngineerSim2017/Content/StarterContent/Textures/T_Tech_Panel_M.uasset"
[2017.05.09-20.07.45:515][  0]LogPackFactory: Copied "../../../Samples/StarterContent/Content/StarterContent/Textures/T_Tech_Panel_N.uasset" to "C:/ue4projects/ProgrammingGameJam/JrEngineerSim2017/Content/StarterContent/Textures/T_Tech_Panel_N.uasset"
[2017.05.09-20.07.45:520][  0]LogPackFactory: Copied "../../../Samples/StarterContent/Content/StarterContent/Textures/T_Water_M.uasset" to "C:/ue4projects/ProgrammingGameJam/JrEngineerSim2017/Content/StarterContent/Textures/T_Water_M.uasset"
[2017.05.09-20.07.45:526][  0]LogPackFactory: Copied "../../../Samples/StarterContent/Content/StarterContent/Textures/T_Water_N.uasset" to "C:/ue4projects/ProgrammingGameJam/JrEngineerSim2017/Content/StarterContent/Textures/T_Water_N.uasset"
[2017.05.09-20.07.45:534][  0]LogPackFactory: Copied "../../../Samples/StarterContent/Content/StarterContent/Textures/T_Wood_Floor_Walnut_D.uasset" to "C:/ue4projects/ProgrammingGameJam/JrEngineerSim2017/Content/StarterContent/Textures/T_Wood_Floor_Walnut_D.uasset"
[2017.05.09-20.07.45:540][  0]LogPackFactory: Copied "../../../Samples/StarterContent/Content/StarterContent/Textures/T_Wood_Floor_Walnut_M.uasset" to "C:/ue4projects/ProgrammingGameJam/JrEngineerSim2017/Content/StarterContent/Textures/T_Wood_Floor_Walnut_M.uasset"
[2017.05.09-20.07.45:545][  0]LogPackFactory: Copied "../../../Samples/StarterContent/Content/StarterContent/Textures/T_Wood_Floor_Walnut_N.uasset" to "C:/ue4projects/ProgrammingGameJam/JrEngineerSim2017/Content/StarterContent/Textures/T_Wood_Floor_Walnut_N.uasset"
[2017.05.09-20.07.45:554][  0]LogPackFactory: Copied "../../../Samples/StarterContent/Content/StarterContent/Textures/T_Wood_Oak_D.uasset" to "C:/ue4projects/ProgrammingGameJam/JrEngineerSim2017/Content/StarterContent/Textures/T_Wood_Oak_D.uasset"
[2017.05.09-20.07.45:561][  0]LogPackFactory: Copied "../../../Samples/StarterContent/Content/StarterContent/Textures/T_Wood_Oak_N.uasset" to "C:/ue4projects/ProgrammingGameJam/JrEngineerSim2017/Content/StarterContent/Textures/T_Wood_Oak_N.uasset"
[2017.05.09-20.07.45:573][  0]LogPackFactory: Copied "../../../Samples/StarterContent/Content/StarterContent/Textures/T_Wood_Pine_D.uasset" to "C:/ue4projects/ProgrammingGameJam/JrEngineerSim2017/Content/StarterContent/Textures/T_Wood_Pine_D.uasset"
[2017.05.09-20.07.45:579][  0]LogPackFactory: Copied "../../../Samples/StarterContent/Content/StarterContent/Textures/T_Wood_Pine_N.uasset" to "C:/ue4projects/ProgrammingGameJam/JrEngineerSim2017/Content/StarterContent/Textures/T_Wood_Pine_N.uasset"
[2017.05.09-20.07.45:588][  0]LogPackFactory: Copied "../../../Samples/StarterContent/Content/StarterContent/Textures/T_Wood_Walnut_D.uasset" to "C:/ue4projects/ProgrammingGameJam/JrEngineerSim2017/Content/StarterContent/Textures/T_Wood_Walnut_D.uasset"
[2017.05.09-20.07.45:594][  0]LogPackFactory: Copied "../../../Samples/StarterContent/Content/StarterContent/Textures/T_Wood_Walnut_N.uasset" to "C:/ue4projects/ProgrammingGameJam/JrEngineerSim2017/Content/StarterContent/Textures/T_Wood_Walnut_N.uasset"
[2017.05.09-20.07.46:035][  0]LogRenderer: Reallocating scene render targets to support 256x256 NumSamples 1 (Frame:2).
[2017.05.09-20.07.46:232][  0]LogSavePackage: Save=14.06ms
[2017.05.09-20.07.46:232][  0]LogSavePackage: Moving 'C:/ue4projects/ProgrammingGameJam/JrEngineerSim2017/Saved/Floor_400x4000851ECA24D069543C09D0E80F3BD9F13.tmp' to 'C:/ue4projects/ProgrammingGameJam/JrEngineerSim2017/Content/StarterContent/Architecture/Floor_400x400.uasset'
[2017.05.09-20.07.46:234][  0]LogSavePackage:Display: Finished SavePackage C:/ue4projects/ProgrammingGameJam/JrEngineerSim2017/Content/StarterContent/Architecture/Floor_400x400.uasset
[2017.05.09-20.07.46:235][  0]LogFeaturePack:Warning: Inserted 1 feature packs
[2017.05.09-20.07.46:238][  0]Cmd: MAP LOAD FILE="C:/ue4projects/ProgrammingGameJam/JrEngineerSim2017/Content/VehicleBP/Maps/VehicleExampleMap.umap" TEMPLATE=0 SHOWPROGRESS=1 FEATURELEVEL=3
[2017.05.09-20.07.46:238][  0]LightingResults: New page: Lighting Build
[2017.05.09-20.07.46:278][  0]MapCheck: New page: Map Check
[2017.05.09-20.07.46:278][  0]LightingResults: New page: Lighting Build
[2017.05.09-20.07.46:722][  0]LogAIModule: Creating AISystem for world VehicleExampleMap
[2017.05.09-20.07.46:731][  0]LogEditorServer: Finished looking for orphan Actors (0.000 secs)
[2017.05.09-20.07.46:732][  0]Cmd: MAP CHECKDEP NOCLEARLOG
[2017.05.09-20.07.46:767][  0]MapCheck: Info Map check complete: 0 Error(s), 0 Warning(s), took 34.604ms to complete.
[2017.05.09-20.07.46:767][  0]LogFileHelpers: Loading map 'VehicleExampleMap' took 0.529
[2017.05.09-20.07.46:949][  0]LogCollectionManager: Loaded 0 collections in 0.004073 seconds
[2017.05.09-20.07.47:107][  0]LogFileCache: Scanning file cache for directory 'C:/ue4projects/ProgrammingGameJam/JrEngineerSim2017/Saved/Collections/' took 0.01s
[2017.05.09-20.07.47:107][  0]LogFileCache: Scanning file cache for directory 'C:/ue4projects/ProgrammingGameJam/JrEngineerSim2017/Content/Developers/ntayl000/Collections/' took 0.01s
[2017.05.09-20.07.47:107][  0]LogFileCache: Scanning file cache for directory 'C:/ue4projects/ProgrammingGameJam/JrEngineerSim2017/Content/Collections/' took 0.01s
[2017.05.09-20.07.47:107][  0]LogCollectionManager: Rebuilt the GUID cache for 0 collections in 0.000002 seconds
[2017.05.09-20.07.47:117][  0]LogContentBrowser: Native class hierarchy populated in 0.0093 seconds. Added 2247 classes and 456 folders.
[2017.05.09-20.07.47:168][  0]LogContentBrowser: Native class hierarchy updated for 'WidgetCarousel' in 0.0005 seconds. Added 0 classes and 0 folders.
[2017.05.09-20.07.47:200][  0]LogContentBrowser: Native class hierarchy updated for 'AddContentDialog' in 0.0005 seconds. Added 0 classes and 0 folders.
[2017.05.09-20.07.47:236][  0]LogContentBrowser: Native class hierarchy updated for 'SceneOutliner' in 0.0005 seconds. Added 1 classes and 2 folders.
[2017.05.09-20.07.47:371][  0]LogContentBrowser: Native class hierarchy updated for 'WorldBrowser' in 0.0005 seconds. Added 1 classes and 3 folders.
[2017.05.09-20.07.47:395][  0]LogCrashTracker: Crashtracker disabled due to settings.
[2017.05.09-20.07.47:417][  0]LogSlate: Took 0.000175 seconds to synchronously load lazily loaded font '../../../Engine/Content/Slate/Fonts/Roboto-Regular.ttf' (155K)
[2017.05.09-20.07.48:153][  0]LogUObjectGlobals:Warning: Failed to find object 'Class None.'
[2017.05.09-20.07.49:228][  0]LogContentBrowser: Native class hierarchy updated for 'HierarchicalLODOutliner' in 0.0009 seconds. Added 1 classes and 2 folders.
[2017.05.09-20.07.49:230][  0]LogLoad: (Engine Initialization) Total time: 22.66 seconds
[2017.05.09-20.07.49:230][  0]LogLoad: (Engine Initialization) Total Blueprint compile time: 0.15 seconds
[2017.05.09-20.07.49:230][  0]LogExternalProfiler: Found external profiler: VSPerf
[2017.05.09-20.07.49:230][  0]LogExternalProfiler: Using external profiler: VSPerf
[2017.05.09-20.07.49:574][  0]LogOcInput: OculusInput pre-init called
[2017.05.09-20.07.49:574][  0]LogRawInputWindows:Warning: Found device 0 devices
[2017.05.09-20.07.49:575][  0]LogRawInputWindows:Warning: Found device 0 devices
[2017.05.09-20.07.49:575][  0]LogRawInputWindows:Warning: Device was registered succesfully but not connected (Usage:4 UsagePage:1
[2017.05.09-20.07.53:636][  0]LogContentStreaming: Texture pool size now 1000 MB
[2017.05.09-20.07.53:640][  0]LogSlate: Took 0.000200 seconds to synchronously load lazily loaded font '../../../Engine/Content/Slate/Fonts/Roboto-Bold.ttf' (160K)
[2017.05.09-20.07.53:645][  0]LogSlate: Took 0.000404 seconds to synchronously load lazily loaded font '../../../Engine/Content/Editor/Slate/Fonts/FontAwesome.ttf' (139K)
[2017.05.09-20.07.53:733][  0]LogRenderer: Reallocating scene render targets to support 1188x536 NumSamples 1 (Frame:3).
[2017.05.09-20.07.53:733][  0]LogSlate: Took 0.000311 seconds to synchronously load lazily loaded font '../../../Engine/Content/Slate/Fonts/Roboto-Light.ttf' (159K)
[2017.05.09-20.07.54:433][  1]LogAssetRegistry: Asset discovery search completed in 19.2687 seconds
[2017.05.09-20.07.54:433][  1]LogCollectionManager: Rebuilt the object cache for 0 collections in 0.000008 seconds (found 0 objects)
[2017.05.09-20.07.54:433][  1]LogCollectionManager: Fixed up redirectors for 0 collections in 0.000026 seconds (updated 0 objects)
